# Time: 2019-12-06T17:07:29.9063508+02:00
# Txn_start_ts: 413045843412910080
# Query_time: 0.74949
# Parse_time: 0.2735384
# Compile_time: 0.0581899
# Is_internal: true
# Digest: 4ef13ef1c364f2ae589706ea4178c0196bcb9add519de2eaabcbcfa7e293dfeb
# Num_cop_tasks: 0
# Prepared: false
# Has_more_results: false
# Succ: true
# Plan: tidb_decode_plan('ONwwCTM5XzEJMAk3MAl0YWJsZTpHTE9CQUxfVkFSSUFCTEVTLCBpbmRleDpWQVJJQUJMRV9OQU1FCg==')
select HIGH_PRIORITY * from mysql.global_variables where variable_name in ('autocommit', 'sql_mode', 'max_allowed_packet', 'time_zone', 'block_encryption_mode', 'wait_timeout', 'interactive_timeout', 'max_prepared_stmt_count', 'init_connect', 'tx_isolation', 'tx_read_only', 'transaction_isolation', 'transaction_read_only', 'net_buffer_length', 'query_cache_type', 'query_cache_size', 'character_set_server', 'auto_increment_increment', 'collation_server', 'net_write_timeout', 'max_execution_time', 'innodb_lock_wait_timeout', 'tidb_skip_utf8_check', 'tidb_index_join_batch_size', 'tidb_index_lookup_size', 'tidb_index_lookup_concurrency', 'tidb_index_lookup_join_concurrency', 'tidb_index_serial_scan_concurrency', 'tidb_hash_join_concurrency', 'tidb_projection_concurrency', 'tidb_hashagg_partial_concurrency', 'tidb_hashagg_final_concurrency', 'tidb_backoff_lock_fast', 'tidb_backoff_weight', 'tidb_constraint_check_in_place', 'tidb_ddl_reorg_worker_cnt', 'tidb_ddl_reorg_batch_size', 'tidb_ddl_error_count_limit', 'tidb_opt_insubq_to_join_and_agg', 'tidb_opt_correlation_threshold', 'tidb_opt_correlation_exp_factor', 'tidb_opt_cpu_factor', 'tidb_opt_copcpu_factor', 'tidb_opt_network_factor', 'tidb_opt_scan_factor', 'tidb_opt_desc_factor', 'tidb_opt_memory_factor', 'tidb_opt_disk_factor', 'tidb_opt_concurrency_factor', 'tidb_distsql_scan_concurrency', 'tidb_init_chunk_size', 'tidb_max_chunk_size', 'tidb_enable_cascades_planner', 'tidb_retry_limit', 'tidb_disable_txn_auto_retry', 'tidb_enable_window_function', 'tidb_enable_vectorized_expression', 'tidb_enable_fast_analyze', 'tidb_expensive_query_time_threshold', 'tidb_enable_noop_functions', 'tidb_enable_index_merge', 'tidb_txn_mode', 'tidb_enable_stmt_summary', 'tidb_stmt_summary_refresh_interval', 'tidb_max_delta_schema_count', 'tidb_capture_plan_baselines', 'tidb_use_plan_baselines', 'tidb_evolve_plan_baselines', 'tidb_isolation_read_engines', 'tidb_store_limit');
# Time: 2019-12-06T17:07:30.3943332+02:00
# Txn_start_ts: 413045843597459456
# Query_time: 0.433839
# Parse_time: 0.0189804
# Compile_time: 0.1558828
# Request_count: 1
# Is_internal: true
# Digest: 2a4e49d426630620b03af0bc2744b03b4fcc59bae2612521b155210ea598626c
# Stats: user:pseudo
# Num_cop_tasks: 1
# Cop_proc_avg: 0 Cop_proc_addr: store1
# Cop_wait_avg: 0 Cop_wait_addr: store1
# Mem_max: 1086
# Prepared: false
# Has_more_results: false
# Succ: true
# Plan: tidb_decode_plan('8gZ4MAkzXzMJMAkxMDAwMAlteXNxbC51c2VyLmhvc3QsIB0RARYyEQAccGFzc3dvcmQyFQAoc2VsZWN0X3ByaXY2GAAMdXBlckYXAAxkcm9wRhYAJHJlZmVyZW5jZXNGHAAMZXZlbk5gABhodXRkb3duRjEAFGNyZWF0ZUYYAAxkZWxlThgAEHRyaWdnTqwACGdyYU56AA1gFHJvdXRpbkpoABBhbHRlcmYfAAh1cGRSnwAYc2hvd19kYka4ABhwcm9jZXNzRhkAEGV4ZWN1TtIADaIMdmlld0Y2ACWCCHJvbEq6ABBpbnNlckpsAQ1QBHVzTiYBCe9CAAIQaW5kZXhGFwAF5laZAA1mVpsADR0YdG1wX3RhYk69AAxsb2NrCRxKKwEcYWNjb3VudF8BJSBlZAoxCTMyXzV1BhRkYXRhOlQBVzhTY2FuXzQKMgkxMF80CTFtJgVyADoB/8wsIHJhbmdlOlstaW5mLCtpbmZdLCBrZWVwIG9yZGVyOmZhbHNlLCBzdGF0czpwc2V1ZG8K')
select HIGH_PRIORITY Host,User,Password,Select_priv, Super_priv, Drop_priv, References_priv, Event_priv, Shutdown_priv, Create_priv, Delete_priv, Trigger_priv, Grant_priv, Create_routine_priv, Alter_routine_priv, Update_priv, Show_db_priv, Process_priv, Execute_priv, Create_view_priv, Drop_role_priv, Insert_priv, Create_user_priv, Alter_priv, Index_priv, Show_view_priv, Create_role_priv, Create_tmp_table_priv, Lock_tables_priv,account_locked from mysql.user;
# Time: 2019-12-06T17:07:33.9285691+02:00
# Txn_start_ts: 413045844587315200
# Query_time: 0.398362
# Parse_time: 0.0239833
# Compile_time: 0.373379
# Request_count: 1
# Index_names: [stats_meta:idx_ver]
# Is_internal: true
# Digest: f0b4536b9ca2b2cf8b0b4580fa5a6804ace888b4601ce93f17b17f18409e96f0
# Stats: stats_meta:pseudo
# Num_cop_tasks: 1
# Cop_proc_avg: 0 Cop_proc_addr: store1
# Cop_wait_avg: 0 Cop_wait_addr: store1
# Mem_max: 140
# Prepared: false
# Has_more_results: false
# Succ: true
# Plan: tidb_decode_plan('3wI0MAkzXzE4CTAJMzMzMy4BBREBbDUJbXlzcWwuc3RhdHNfbWV0YS52ZXJzaW9uLCBCGgAcdGFibGVfaWRKGwAsbW9kaWZ5X2NvdW50Sh8ABRgcCjEJMzFfMTdWiAAoCjIJMTNfMTUJMQkBnTqmAAV7ADoZphwsIGluZGV4OhWtsHJhbmdlOigwLCtpbmZdLCBrZWVwIG9yZGVyOnRydWUsIHN0YXRzOnBzZXVkbwFsDDBfMTaebAAdTQxmYWxzPk4A')
SELECT version, table_id, modify_count, count from mysql.stats_meta where version > 0 order by version;
# Time: 2019-12-06T17:07:34.1161763+02:00
# Txn_start_ts: 413045844637122560
# Query_time: 0.410705
# Parse_time: 0.0010047
# Compile_time: 0.4087223
# Request_count: 1
# Index_names: [bind_info:time_index]
# Is_internal: true
# Digest: e0cf0e2dccc824f34e52c6341356354f77cce9342074b393bc0185304e075ea3
# Stats: bind_info:pseudo
# Num_cop_tasks: 1
# Cop_proc_avg: 0 Cop_proc_addr: store1
# Cop_wait_avg: 0 Cop_wait_addr: store1
# Mem_max: 140
# Prepared: false
# Has_more_results: false
# Succ: true
# Plan: tidb_decode_plan('6AM0MAkzXzE4CTAJMzMzMy4BBREBfDUJbXlzcWwuYmluZF9pbmZvLm9yaWdpbmFsX3NxbCwgPh4ABShSGgAkZGVmYXVsdF9kYkY2ABRzdGF0dXNGGAAoY3JlYXRlX3RpbWVGHQAIdXBkZh0AGGNoYXJzZXRGNgBAY29sbGF0aW9uCjEJMzFfMTdW9gAoCjIJMTNfMTUJMQkhCzoUARR0YWJsZToF7CEUJCwgaW5kZXg6dXAdkixyYW5nZTooMDAwMC0FAwwgMDA6BQMALgEUmDAwLCtpbmZdLCBrZWVwIG9yZGVyOnRydWUsIHN0YXRzOnBzZXVkbwGIDDBfMTaaiAAdTAxmYWxzPk0A')
select original_sql, bind_sql, default_db, status, create_time, update_time, charset, collation from mysql.bind_info where update_time > "0000-00-00 00:00:00" order by update_time;
# Time: 2019-12-06T17:09:11.6100979+02:00
# Txn_start_ts: 413045869649068032
# Query_time: 2.0809147
# Parse_time: 0
# Compile_time: 0
# Is_internal: true
# Digest: 7d757d38b465483f07a597132f3a973125e78d6db2f42a0d1d8c7c0ec575f500
# Num_cop_tasks: 0
# Prepared: false
# Has_more_results: false
# Succ: true
# Plan: tidb_decode_plan('ONwwCTM5XzIwCTAJMwl0YWJsZTpHTE9CQUxfVkFSSUFCTEVTLCBpbmRleDpWQVJJQUJMRV9OQU1FCg==')
select variable_name, variable_value from mysql.global_variables where variable_name in ('tidb_auto_analyze_ratio', 'tidb_auto_analyze_start_time', 'tidb_auto_analyze_end_time');
# Time: 2019-12-06T17:10:04.3860114+02:00
# Txn_start_ts: 413045883018674176
# Query_time: 3.8567646
# Parse_time: 0
# Compile_time: 0.0009754
# Request_count: 1
# Index_names: [stats_meta:idx_ver]
# Is_internal: true
# Digest: f0b4536b9ca2b2cf8b0b4580fa5a6804ace888b4601ce93f17b17f18409e96f0
# Stats: stats_meta:pseudo
# Num_cop_tasks: 1
# Cop_proc_avg: 0 Cop_proc_addr: store1
# Cop_wait_avg: 0 Cop_wait_addr: store1
# Mem_max: 140
# Prepared: false
# Has_more_results: false
# Succ: true
# Plan: tidb_decode_plan('3wI0MAkzXzE4CTAJMzMzMy4BBREBbDUJbXlzcWwuc3RhdHNfbWV0YS52ZXJzaW9uLCBCGgAcdGFibGVfaWRKGwAsbW9kaWZ5X2NvdW50Sh8ABRgcCjEJMzFfMTdWiAAoCjIJMTNfMTUJMQkBnTqmAAV7ADoZphwsIGluZGV4OhWtsHJhbmdlOigwLCtpbmZdLCBrZWVwIG9yZGVyOnRydWUsIHN0YXRzOnBzZXVkbwFsDDBfMTaebAAdTQxmYWxzPk4A')
SELECT version, table_id, modify_count, count from mysql.stats_meta where version > 0 order by version;
# Time: 2019-12-06T17:10:49.0296405+02:00
# Txn_start_ts: 413045895732396032
# Query_time: 3.5015092
# Parse_time: 0
# Compile_time: 3.5004927
# Request_count: 1
# Index_names: [stats_meta:idx_ver]
# Is_internal: true
# Digest: f0b4536b9ca2b2cf8b0b4580fa5a6804ace888b4601ce93f17b17f18409e96f0
# Stats: stats_meta:pseudo
# Num_cop_tasks: 1
# Cop_proc_avg: 0 Cop_proc_addr: store1
# Cop_wait_avg: 0 Cop_wait_addr: store1
# Mem_max: 140
# Prepared: false
# Has_more_results: false
# Succ: true
# Plan: tidb_decode_plan('3wI0MAkzXzE4CTAJMzMzMy4BBREBbDUJbXlzcWwuc3RhdHNfbWV0YS52ZXJzaW9uLCBCGgAcdGFibGVfaWRKGwAsbW9kaWZ5X2NvdW50Sh8ABRgcCjEJMzFfMTdWiAAoCjIJMTNfMTUJMQkBnTqmAAV7ADoZphwsIGluZGV4OhWtsHJhbmdlOigwLCtpbmZdLCBrZWVwIG9yZGVyOnRydWUsIHN0YXRzOnBzZXVkbwFsDDBfMTaebAAdTQxmYWxzPk4A')
SELECT version, table_id, modify_count, count from mysql.stats_meta where version > 0 order by version;
# Time: 2019-12-06T17:11:10.9661711+02:00
# Txn_start_ts: 413045901483048960
# Query_time: 1.4267167
# Parse_time: 0
# Compile_time: 1.4267167
# Request_count: 1
# Index_names: [bind_info:time_index]
# Is_internal: true
# Digest: e0cf0e2dccc824f34e52c6341356354f77cce9342074b393bc0185304e075ea3
# Stats: bind_info:pseudo
# Num_cop_tasks: 1
# Cop_proc_avg: 0 Cop_proc_addr: store1
# Cop_wait_avg: 0 Cop_wait_addr: store1
# Mem_max: 140
# Prepared: false
# Has_more_results: false
# Succ: true
# Plan: tidb_decode_plan('6AM0MAkzXzE4CTAJMzMzMy4BBREBfDUJbXlzcWwuYmluZF9pbmZvLm9yaWdpbmFsX3NxbCwgPh4ABShSGgAkZGVmYXVsdF9kYkY2ABRzdGF0dXNGGAAoY3JlYXRlX3RpbWVGHQAIdXBkZh0AGGNoYXJzZXRGNgBAY29sbGF0aW9uCjEJMzFfMTdW9gAoCjIJMTNfMTUJMQkhCzoUARR0YWJsZToF7CEUJCwgaW5kZXg6dXAdkixyYW5nZTooMDAwMC0FAwwgMDA6BQMALgEUmDAwLCtpbmZdLCBrZWVwIG9yZGVyOnRydWUsIHN0YXRzOnBzZXVkbwGIDDBfMTaaiAAdTAxmYWxzPk0A')
select original_sql, bind_sql, default_db, status, create_time, update_time, charset, collation from mysql.bind_info where update_time > "0000-00-00 00:00:00" order by update_time;
# Time: 2019-12-06T17:11:32.2591074+02:00
# Txn_start_ts: 413045907064881152
# Query_time: 1.7308102
# Parse_time: 0
# Compile_time: 1.7297978999999999
# Request_count: 1
# Index_names: [stats_meta:idx_ver]
# Is_internal: true
# Digest: f0b4536b9ca2b2cf8b0b4580fa5a6804ace888b4601ce93f17b17f18409e96f0
# Stats: stats_meta:pseudo
# Num_cop_tasks: 1
# Cop_proc_avg: 0 Cop_proc_addr: store1
# Cop_wait_avg: 0 Cop_wait_addr: store1
# Mem_max: 140
# Prepared: false
# Has_more_results: false
# Succ: true
# Plan: tidb_decode_plan('3wI0MAkzXzE4CTAJMzMzMy4BBREBbDUJbXlzcWwuc3RhdHNfbWV0YS52ZXJzaW9uLCBCGgAcdGFibGVfaWRKGwAsbW9kaWZ5X2NvdW50Sh8ABRgcCjEJMzFfMTdWiAAoCjIJMTNfMTUJMQkBnTqmAAV7ADoZphwsIGluZGV4OhWtsHJhbmdlOigwLCtpbmZdLCBrZWVwIG9yZGVyOnRydWUsIHN0YXRzOnBzZXVkbwFsDDBfMTaebAAdTQxmYWxzPk4A')
SELECT version, table_id, modify_count, count from mysql.stats_meta where version > 0 order by version;
# Time: 2019-12-06T17:12:36.8414631+02:00
# Txn_start_ts: 413045923912876032
# Query_time: 0.3126531
# Parse_time: 0
# Compile_time: 0
# Is_internal: true
# Digest: 7d757d38b465483f07a597132f3a973125e78d6db2f42a0d1d8c7c0ec575f500
# Num_cop_tasks: 0
# Prepared: false
# Has_more_results: false
# Succ: true
# Plan: tidb_decode_plan('ONwwCTM5XzIwCTAJMwl0YWJsZTpHTE9CQUxfVkFSSUFCTEVTLCBpbmRleDpWQVJJQUJMRV9OQU1FCg==')
select variable_name, variable_value from mysql.global_variables where variable_name in ('tidb_auto_analyze_ratio', 'tidb_auto_analyze_start_time', 'tidb_auto_analyze_end_time');
# Time: 2019-12-06T17:13:10.9889977+02:00
# Txn_start_ts: 413045932946096128
# Query_time: 1.4606894000000001
# Parse_time: 0
# Compile_time: 1.4596912
# Request_count: 1
# Index_names: [stats_meta:idx_ver]
# Is_internal: true
# Digest: f0b4536b9ca2b2cf8b0b4580fa5a6804ace888b4601ce93f17b17f18409e96f0
# Stats: stats_meta:pseudo
# Num_cop_tasks: 1
# Cop_proc_avg: 0 Cop_proc_addr: store1
# Cop_wait_avg: 0 Cop_wait_addr: store1
# Mem_max: 140
# Prepared: false
# Has_more_results: false
# Succ: true
# Plan: tidb_decode_plan('3wI0MAkzXzE4CTAJMzMzMy4BBREBbDUJbXlzcWwuc3RhdHNfbWV0YS52ZXJzaW9uLCBCGgAcdGFibGVfaWRKGwAsbW9kaWZ5X2NvdW50Sh8ABRgcCjEJMzFfMTdWiAAoCjIJMTNfMTUJMQkBnTqmAAV7ADoZphwsIGluZGV4OhWtsHJhbmdlOigwLCtpbmZdLCBrZWVwIG9yZGVyOnRydWUsIHN0YXRzOnBzZXVkbwFsDDBfMTaebAAdTQxmYWxzPk4A')
SELECT version, table_id, modify_count, count from mysql.stats_meta where version > 0 order by version;
# Time: 2019-12-06T17:14:07.9751744+02:00
# Txn_start_ts: 413045947884896256
# Query_time: 1.4456636
# Parse_time: 0
# Compile_time: 1.4456636
# Request_count: 1
# Index_names: [stats_meta:idx_ver]
# Is_internal: true
# Digest: f0b4536b9ca2b2cf8b0b4580fa5a6804ace888b4601ce93f17b17f18409e96f0
# Stats: stats_meta:pseudo
# Num_cop_tasks: 1
# Cop_proc_avg: 0 Cop_proc_addr: store1
# Cop_wait_avg: 0 Cop_wait_addr: store1
# Mem_max: 140
# Prepared: false
# Has_more_results: false
# Succ: true
# Plan: tidb_decode_plan('3wI0MAkzXzE4CTAJMzMzMy4BBREBbDUJbXlzcWwuc3RhdHNfbWV0YS52ZXJzaW9uLCBCGgAcdGFibGVfaWRKGwAsbW9kaWZ5X2NvdW50Sh8ABRgcCjEJMzFfMTdWiAAoCjIJMTNfMTUJMQkBnTqmAAV7ADoZphwsIGluZGV4OhWtsHJhbmdlOigwLCtpbmZdLCBrZWVwIG9yZGVyOnRydWUsIHN0YXRzOnBzZXVkbwFsDDBfMTaebAAdTQxmYWxzPk4A')
SELECT version, table_id, modify_count, count from mysql.stats_meta where version > 0 order by version;
# Time: 2019-12-06T17:14:50.0965464+02:00
# Txn_start_ts: 413045958926663680
# Query_time: 1.5581749999999999
# Parse_time: 0
# Compile_time: 1.5571597000000001
# Request_count: 1
# Index_names: [bind_info:time_index]
# Is_internal: true
# Digest: e0cf0e2dccc824f34e52c6341356354f77cce9342074b393bc0185304e075ea3
# Stats: bind_info:pseudo
# Num_cop_tasks: 1
# Cop_proc_avg: 0 Cop_proc_addr: store1
# Cop_wait_avg: 0 Cop_wait_addr: store1
# Mem_max: 140
# Prepared: false
# Has_more_results: false
# Succ: true
# Plan: tidb_decode_plan('6AM0MAkzXzE4CTAJMzMzMy4BBREBfDUJbXlzcWwuYmluZF9pbmZvLm9yaWdpbmFsX3NxbCwgPh4ABShSGgAkZGVmYXVsdF9kYkY2ABRzdGF0dXNGGAAoY3JlYXRlX3RpbWVGHQAIdXBkZh0AGGNoYXJzZXRGNgBAY29sbGF0aW9uCjEJMzFfMTdW9gAoCjIJMTNfMTUJMQkhCzoUARR0YWJsZToF7CEUJCwgaW5kZXg6dXAdkixyYW5nZTooMDAwMC0FAwwgMDA6BQMALgEUmDAwLCtpbmZdLCBrZWVwIG9yZGVyOnRydWUsIHN0YXRzOnBzZXVkbwGIDDBfMTaaiAAdTAxmYWxzPk0A')
select original_sql, bind_sql, default_db, status, create_time, update_time, charset, collation from mysql.bind_info where update_time > "0000-00-00 00:00:00" order by update_time;
# Time: 2019-12-06T17:15:37.3340993+02:00
# Txn_start_ts: 413045970312364032
# Query_time: 3.8057666
# Parse_time: 0
# Compile_time: 0
# Is_internal: true
# Digest: 7d757d38b465483f07a597132f3a973125e78d6db2f42a0d1d8c7c0ec575f500
# Num_cop_tasks: 0
# Prepared: false
# Has_more_results: false
# Succ: true
# Plan: tidb_decode_plan('ONwwCTM5XzE5CTAJMwl0YWJsZTpHTE9CQUxfVkFSSUFCTEVTLCBpbmRleDpWQVJJQUJMRV9OQU1FCg==')
select variable_name, variable_value from mysql.global_variables where variable_name in ('tidb_auto_analyze_ratio', 'tidb_auto_analyze_start_time', 'tidb_auto_analyze_end_time');
# Time: 2019-12-06T17:16:13.5533024+02:00
# Txn_start_ts: 413045980804415488
# Query_time: 4.0150358
# Parse_time: 0
# Compile_time: 4.0140229
# Request_count: 1
# Index_names: [bind_info:time_index]
# Is_internal: true
# Digest: e0cf0e2dccc824f34e52c6341356354f77cce9342074b393bc0185304e075ea3
# Stats: bind_info:pseudo
# Num_cop_tasks: 1
# Cop_proc_avg: 0 Cop_proc_addr: store1
# Cop_wait_avg: 0 Cop_wait_addr: store1
# Mem_max: 140
# Prepared: false
# Has_more_results: false
# Succ: true
# Plan: tidb_decode_plan('6AM0MAkzXzE4CTAJMzMzMy4BBREBfDUJbXlzcWwuYmluZF9pbmZvLm9yaWdpbmFsX3NxbCwgPh4ABShSGgAkZGVmYXVsdF9kYkY2ABRzdGF0dXNGGAAoY3JlYXRlX3RpbWVGHQAIdXBkZh0AGGNoYXJzZXRGNgBAY29sbGF0aW9uCjEJMzFfMTdW9gAoCjIJMTNfMTUJMQkhCzoUARR0YWJsZToF7CEUJCwgaW5kZXg6dXAdkixyYW5nZTooMDAwMC0FAwwgMDA6BQMALgEUmDAwLCtpbmZdLCBrZWVwIG9yZGVyOnRydWUsIHN0YXRzOnBzZXVkbwGIDDBfMTaaiAAdTAxmYWxzPk0A')
select original_sql, bind_sql, default_db, status, create_time, update_time, charset, collation from mysql.bind_info where update_time > "0000-00-00 00:00:00" order by update_time;
# Time: 2019-12-06T17:16:24.880547+02:00
# Txn_start_ts: 413045983773720576
# Query_time: 0.3417849
# Parse_time: 0
# Compile_time: 0
# Request_count: 1
# Index_names: [bind_info:time_index]
# Is_internal: true
# Digest: e0cf0e2dccc824f34e52c6341356354f77cce9342074b393bc0185304e075ea3
# Stats: bind_info:pseudo
# Num_cop_tasks: 1
# Cop_proc_avg: 0 Cop_proc_addr: store1
# Cop_wait_avg: 0 Cop_wait_addr: store1
# Mem_max: 140
# Prepared: false
# Has_more_results: false
# Succ: true
# Plan: tidb_decode_plan('6AM0MAkzXzE4CTAJMzMzMy4BBREBfDUJbXlzcWwuYmluZF9pbmZvLm9yaWdpbmFsX3NxbCwgPh4ABShSGgAkZGVmYXVsdF9kYkY2ABRzdGF0dXNGGAAoY3JlYXRlX3RpbWVGHQAIdXBkZh0AGGNoYXJzZXRGNgBAY29sbGF0aW9uCjEJMzFfMTdW9gAoCjIJMTNfMTUJMQkhCzoUARR0YWJsZToF7CEUJCwgaW5kZXg6dXAdkixyYW5nZTooMDAwMC0FAwwgMDA6BQMALgEUmDAwLCtpbmZdLCBrZWVwIG9yZGVyOnRydWUsIHN0YXRzOnBzZXVkbwGIDDBfMTaaiAAdTAxmYWxzPk0A')
select original_sql, bind_sql, default_db, status, create_time, update_time, charset, collation from mysql.bind_info where update_time > "0000-00-00 00:00:00" order by update_time;
# Time: 2019-12-06T17:17:35.060959+02:00
# Txn_start_ts: 413046001179033600
# Query_time: 3.7628709000000002
# Parse_time: 0
# Compile_time: 0.0009932
# Request_count: 1
# Is_internal: true
# Digest: 9f1a600884e419cfd19b513ab2fc8b6feb3a1917ec4be23e994ff5e6c0c2b1c7
# Stats: user:pseudo
# Num_cop_tasks: 1
# Cop_proc_avg: 0 Cop_proc_addr: store1
# Cop_wait_avg: 0 Cop_wait_addr: store1
# Mem_max: 1086
# Prepared: false
# Has_more_results: false
# Succ: true
# Plan: tidb_decode_plan('8gZ4MAkzXzMJMAkxMDAwMAlteXNxbC51c2VyLmhvc3QsIB0RARYyEQAccGFzc3dvcmQyFQAsZXhlY3V0ZV9wcml2MhkAKGNyZWF0ZV92aWV3Rh0AHGRyb3Bfcm9sSjgACHVwZAE4QlAAGHNob3dfZGJGGQAYcHJvY2Vzc0YZABBpbmRleEYXAAVJVpcADbRWmQANHRh0bXBfdGFiTrsADGxvY2sJHFKOAAxzZXJ0Ro8ADVchbkYdAAxhbHRlShcAIHJlZmVyZW5jZUpoAAxldmVuSmcAHHNodXRkb3duRmQAEHNlbGVjTjIABHVwTnwAJbtCngEIZ3JhTnYADd0Ucm91dGluSu0BCeBiHwANP0JuAAxkZWxlTnQCEHRyaWdnTrUAHGFjY291bnRfIaIgZWQKMQkzMl81dQYUZGF0YTpUIdQ4U2Nhbl80CjIJMTBfNAkxbSYl7+A6dXNlciwgcmFuZ2U6Wy1pbmYsK2luZl0sIGtlZXAgb3JkZXI6ZmFsc2UsIHN0YXRzOnBzZXVkbwo=')
select HIGH_PRIORITY Host,User,Password,Execute_priv, Create_view_priv, Drop_role_priv, Update_priv, Show_db_priv, Process_priv, Index_priv, Show_view_priv, Create_role_priv, Create_tmp_table_priv, Lock_tables_priv, Insert_priv, Create_user_priv, Alter_priv, References_priv, Event_priv, Shutdown_priv, Select_priv, Super_priv, Drop_priv, Grant_priv, Create_routine_priv, Alter_routine_priv, Create_priv, Delete_priv, Trigger_priv,account_locked from mysql.user;
# Time: 2019-12-06T17:19:37.5242373+02:00
# Txn_start_ts: 413046034274189312
# Query_time: 0.9794138
# Parse_time: 0
# Compile_time: 0.9784127
# Request_count: 1
# Index_names: [bind_info:time_index]
# Is_internal: true
# Digest: e0cf0e2dccc824f34e52c6341356354f77cce9342074b393bc0185304e075ea3
# Stats: bind_info:pseudo
# Num_cop_tasks: 1
# Cop_proc_avg: 0 Cop_proc_addr: store1
# Cop_wait_avg: 0 Cop_wait_addr: store1
# Mem_max: 140
# Prepared: false
# Has_more_results: false
# Succ: true
# Plan: tidb_decode_plan('6AM0MAkzXzE4CTAJMzMzMy4BBREBfDUJbXlzcWwuYmluZF9pbmZvLm9yaWdpbmFsX3NxbCwgPh4ABShSGgAkZGVmYXVsdF9kYkY2ABRzdGF0dXNGGAAoY3JlYXRlX3RpbWVGHQAIdXBkZh0AGGNoYXJzZXRGNgBAY29sbGF0aW9uCjEJMzFfMTdW9gAoCjIJMTNfMTUJMQkhCzoUARR0YWJsZToF7CEUJCwgaW5kZXg6dXAdkixyYW5nZTooMDAwMC0FAwwgMDA6BQMALgEUmDAwLCtpbmZdLCBrZWVwIG9yZGVyOnRydWUsIHN0YXRzOnBzZXVkbwGIDDBfMTaaiAAdTAxmYWxzPk0A')
select original_sql, bind_sql, default_db, status, create_time, update_time, charset, collation from mysql.bind_info where update_time > "0000-00-00 00:00:00" order by update_time;
# Time: 2019-12-06T17:19:45.8443868+02:00
# Txn_start_ts: 413046036372914176
# Query_time: 0.3148029
# Parse_time: 0
# Compile_time: 0
# Is_internal: true
# Digest: 7d757d38b465483f07a597132f3a973125e78d6db2f42a0d1d8c7c0ec575f500
# Num_cop_tasks: 0
# Prepared: false
# Has_more_results: false
# Succ: true
# Plan: tidb_decode_plan('ONwwCTM5XzE5CTAJMwl0YWJsZTpHTE9CQUxfVkFSSUFCTEVTLCBpbmRleDpWQVJJQUJMRV9OQU1FCg==')
select variable_name, variable_value from mysql.global_variables where variable_name in ('tidb_auto_analyze_ratio', 'tidb_auto_analyze_start_time', 'tidb_auto_analyze_end_time');
# Time: 2019-12-06T17:20:00.8468104+02:00
# Txn_start_ts: 413046040307957760
# Query_time: 0.307797
# Parse_time: 0
# Compile_time: 0.0010003
# Request_count: 1
# Index_names: [bind_info:time_index]
# Is_internal: true
# Digest: e0cf0e2dccc824f34e52c6341356354f77cce9342074b393bc0185304e075ea3
# Stats: bind_info:pseudo
# Num_cop_tasks: 1
# Cop_proc_avg: 0 Cop_proc_addr: store1
# Cop_wait_avg: 0 Cop_wait_addr: store1
# Mem_max: 140
# Prepared: false
# Has_more_results: false
# Succ: true
# Plan: tidb_decode_plan('6AM0MAkzXzE4CTAJMzMzMy4BBREBfDUJbXlzcWwuYmluZF9pbmZvLm9yaWdpbmFsX3NxbCwgPh4ABShSGgAkZGVmYXVsdF9kYkY2ABRzdGF0dXNGGAAoY3JlYXRlX3RpbWVGHQAIdXBkZh0AGGNoYXJzZXRGNgBAY29sbGF0aW9uCjEJMzFfMTdW9gAoCjIJMTNfMTUJMQkhCzoUARR0YWJsZToF7CEUJCwgaW5kZXg6dXAdkixyYW5nZTooMDAwMC0FAwwgMDA6BQMALgEUmDAwLCtpbmZdLCBrZWVwIG9yZGVyOnRydWUsIHN0YXRzOnBzZXVkbwGIDDBfMTaaiAAdTAxmYWxzPk0A')
select original_sql, bind_sql, default_db, status, create_time, update_time, charset, collation from mysql.bind_info where update_time > "0000-00-00 00:00:00" order by update_time;
# Time: 2019-12-06T17:21:15.4248758+02:00
# Txn_start_ts: 413046059937562624
# Query_time: 2.885387
# Parse_time: 0
# Compile_time: 2.8823922
# Request_count: 1
# Index_names: [bind_info:time_index]
# Is_internal: true
# Digest: e0cf0e2dccc824f34e52c6341356354f77cce9342074b393bc0185304e075ea3
# Stats: bind_info:pseudo
# Num_cop_tasks: 1
# Cop_proc_avg: 0 Cop_proc_addr: store1
# Cop_wait_avg: 0 Cop_wait_addr: store1
# Mem_max: 140
# Prepared: false
# Has_more_results: false
# Succ: true
# Plan: tidb_decode_plan('6AM0MAkzXzE4CTAJMzMzMy4BBREBfDUJbXlzcWwuYmluZF9pbmZvLm9yaWdpbmFsX3NxbCwgPh4ABShSGgAkZGVmYXVsdF9kYkY2ABRzdGF0dXNGGAAoY3JlYXRlX3RpbWVGHQAIdXBkZh0AGGNoYXJzZXRGNgBAY29sbGF0aW9uCjEJMzFfMTdW9gAoCjIJMTNfMTUJMQkhCzoUARR0YWJsZToF7CEUJCwgaW5kZXg6dXAdkixyYW5nZTooMDAwMC0FAwwgMDA6BQMALgEUmDAwLCtpbmZdLCBrZWVwIG9yZGVyOnRydWUsIHN0YXRzOnBzZXVkbwGIDDBfMTaaiAAdTAxmYWxzPk0A')
select original_sql, bind_sql, default_db, status, create_time, update_time, charset, collation from mysql.bind_info where update_time > "0000-00-00 00:00:00" order by update_time;
# Time: 2019-12-06T17:21:15.471846+02:00
# Txn_start_ts: 413046059950407680
# Query_time: 2.9436400000000003
# Parse_time: 0
# Compile_time: 2.9426384
# Request_count: 1
# Index_names: [stats_meta:idx_ver]
# Is_internal: true
# Digest: f0b4536b9ca2b2cf8b0b4580fa5a6804ace888b4601ce93f17b17f18409e96f0
# Stats: stats_meta:pseudo
# Num_cop_tasks: 1
# Cop_proc_avg: 0 Cop_proc_addr: store1
# Cop_wait_avg: 0 Cop_wait_addr: store1
# Mem_max: 140
# Prepared: false
# Has_more_results: false
# Succ: true
# Plan: tidb_decode_plan('3wI0MAkzXzE4CTAJMzMzMy4BBREBbDUJbXlzcWwuc3RhdHNfbWV0YS52ZXJzaW9uLCBCGgAcdGFibGVfaWRKGwAsbW9kaWZ5X2NvdW50Sh8ABRgcCjEJMzFfMTdWiAAoCjIJMTNfMTUJMQkBnTqmAAV7ADoZphwsIGluZGV4OhWtsHJhbmdlOigwLCtpbmZdLCBrZWVwIG9yZGVyOnRydWUsIHN0YXRzOnBzZXVkbwFsDDBfMTaebAAdTQxmYWxzPk4A')
SELECT version, table_id, modify_count, count from mysql.stats_meta where version > 0 order by version;
# Time: 2019-12-06T17:22:36.6416998+02:00
# Txn_start_ts: 413046080817070080
# Query_time: 1.5160383
# Parse_time: 0
# Compile_time: 0.0009968
# Request_count: 1
# Is_internal: true
# Digest: 8bdc82060d68dd42fa94861d7d3e1fe5918e394b4dd57c4e13d7e039b1779ff9
# Stats: user:pseudo
# Num_cop_tasks: 1
# Cop_proc_avg: 0 Cop_proc_addr: store1
# Cop_wait_avg: 0 Cop_wait_addr: store1
# Mem_max: 1086
# Prepared: false
# Has_more_results: false
# Succ: true
# Plan: tidb_decode_plan('8gZ4MAkzXzMJMAkxMDAwMAlteXNxbC51c2VyLmhvc3QsIB0RARYyEQAccGFzc3dvcmQyFQBQY3JlYXRlX3RtcF90YWJsZV9wcml2MiIADGxvY2sJHABzRh0AFGluc2VydEYYAA1XAYRGHQAMYWx0ZUoXABBpbmRleEYuACBzaG93X3ZpZXdGGwANZgRyb064ABBzZWxlY0qbAAhzdXBOfgAMZHJvcEZiACByZWZlcmVuY2VK/AAMZXZlbk5gABhodXRkb3duRk0ADa9CYgEQZGVsZXRKegEQdHJpZ2dOrAAIZ3JhTnoADWAUcm91dGluSlAAKXhiHwAIdXBkQQtCnwAlgQRkYkYZABhwcm9jZXNzRhkAEGV4ZWN1TtIADaJWzgElglbMARxhY2NvdW50X0GMIGVkCjEJMzJfNXUGFGRhdGE6VEG+OFNjYW5fNAoyCTEwXzQJMW0mAHQBG+A6dXNlciwgcmFuZ2U6Wy1pbmYsK2luZl0sIGtlZXAgb3JkZXI6ZmFsc2UsIHN0YXRzOnBzZXVkbwo=')
select HIGH_PRIORITY Host,User,Password,Create_tmp_table_priv, Lock_tables_priv, Insert_priv, Create_user_priv, Alter_priv, Index_priv, Show_view_priv, Create_role_priv, Select_priv, Super_priv, Drop_priv, References_priv, Event_priv, Shutdown_priv, Create_priv, Delete_priv, Trigger_priv, Grant_priv, Create_routine_priv, Alter_routine_priv, Update_priv, Show_db_priv, Process_priv, Execute_priv, Create_view_priv, Drop_role_priv,account_locked from mysql.user;
# Time: 2019-12-06T17:25:16.3845672+02:00
# Txn_start_ts: 413046123104305152
# Query_time: 3.846115
# Parse_time: 0
# Compile_time: 3.8451147
# Request_count: 1
# Index_names: [bind_info:time_index]
# Is_internal: true
# Digest: e0cf0e2dccc824f34e52c6341356354f77cce9342074b393bc0185304e075ea3
# Stats: bind_info:pseudo
# Num_cop_tasks: 1
# Cop_proc_avg: 0 Cop_proc_addr: store1
# Cop_wait_avg: 0 Cop_wait_addr: store1
# Mem_max: 140
# Prepared: false
# Has_more_results: false
# Succ: true
# Plan: tidb_decode_plan('6AM0MAkzXzE4CTAJMzMzMy4BBREBfDUJbXlzcWwuYmluZF9pbmZvLm9yaWdpbmFsX3NxbCwgPh4ABShSGgAkZGVmYXVsdF9kYkY2ABRzdGF0dXNGGAAoY3JlYXRlX3RpbWVGHQAIdXBkZh0AGGNoYXJzZXRGNgBAY29sbGF0aW9uCjEJMzFfMTdW9gAoCjIJMTNfMTUJMQkhCzoUARR0YWJsZToF7CEUJCwgaW5kZXg6dXAdkixyYW5nZTooMDAwMC0FAwwgMDA6BQMALgEUmDAwLCtpbmZdLCBrZWVwIG9yZGVyOnRydWUsIHN0YXRzOnBzZXVkbwGIDDBfMTaaiAAdTAxmYWxzPk0A')
select original_sql, bind_sql, default_db, status, create_time, update_time, charset, collation from mysql.bind_info where update_time > "0000-00-00 00:00:00" order by update_time;
# Time: 2019-12-06T17:26:16.6018234+02:00
# Txn_start_ts: 413046138889830400
# Query_time: 4.0734498
# Parse_time: 0
# Compile_time: 4.0724491
# Request_count: 1
# Index_names: [stats_meta:idx_ver]
# Is_internal: true
# Digest: f0b4536b9ca2b2cf8b0b4580fa5a6804ace888b4601ce93f17b17f18409e96f0
# Stats: stats_meta:pseudo
# Num_cop_tasks: 1
# Cop_proc_avg: 0 Cop_proc_addr: store1
# Cop_wait_avg: 0 Cop_wait_addr: store1
# Mem_max: 140
# Prepared: false
# Has_more_results: false
# Succ: true
# Plan: tidb_decode_plan('3wI0MAkzXzE4CTAJMzMzMy4BBREBbDUJbXlzcWwuc3RhdHNfbWV0YS52ZXJzaW9uLCBCGgAcdGFibGVfaWRKGwAsbW9kaWZ5X2NvdW50Sh8ABRgcCjEJMzFfMTdWiAAoCjIJMTNfMTUJMQkBnTqmAAV7ADoZphwsIGluZGV4OhWtsHJhbmdlOigwLCtpbmZdLCBrZWVwIG9yZGVyOnRydWUsIHN0YXRzOnBzZXVkbwFsDDBfMTaebAAdTQxmYWxzPk4A')
SELECT version, table_id, modify_count, count from mysql.stats_meta where version > 0 order by version;
# Time: 2019-12-06T17:27:30.8294044+02:00
# Txn_start_ts: 413046158347993088
# Query_time: 0.300024
# Parse_time: 0
# Compile_time: 0.2990249
# Is_internal: true
# Digest: 7d757d38b465483f07a597132f3a973125e78d6db2f42a0d1d8c7c0ec575f500
# Num_cop_tasks: 0
# Prepared: false
# Has_more_results: false
# Succ: true
# Plan: tidb_decode_plan('ONwwCTM5XzE5CTAJMwl0YWJsZTpHTE9CQUxfVkFSSUFCTEVTLCBpbmRleDpWQVJJQUJMRV9OQU1FCg==')
select variable_name, variable_value from mysql.global_variables where variable_name in ('tidb_auto_analyze_ratio', 'tidb_auto_analyze_start_time', 'tidb_auto_analyze_end_time');
# Time: 2019-12-06T17:31:19.3673456+02:00
# Txn_start_ts: 413046218258120704
# Query_time: 3.8389394
# Parse_time: 0
# Compile_time: 3.8379301
# Request_count: 1
# Index_names: [stats_meta:idx_ver]
# Is_internal: true
# Digest: f0b4536b9ca2b2cf8b0b4580fa5a6804ace888b4601ce93f17b17f18409e96f0
# Stats: stats_meta:pseudo
# Num_cop_tasks: 1
# Cop_proc_avg: 0 Cop_proc_addr: store1
# Cop_wait_avg: 0 Cop_wait_addr: store1
# Mem_max: 140
# Prepared: false
# Has_more_results: false
# Succ: true
# Plan: tidb_decode_plan('3wI0MAkzXzE4CTAJMzMzMy4BBREBbDUJbXlzcWwuc3RhdHNfbWV0YS52ZXJzaW9uLCBCGgAcdGFibGVfaWRKGwAsbW9kaWZ5X2NvdW50Sh8ABRgcCjEJMzFfMTdWiAAoCjIJMTNfMTUJMQkBnTqmAAV7ADoZphwsIGluZGV4OhWtsHJhbmdlOigwLCtpbmZdLCBrZWVwIG9yZGVyOnRydWUsIHN0YXRzOnBzZXVkbwFsDDBfMTaebAAdTQxmYWxzPk4A')
SELECT version, table_id, modify_count, count from mysql.stats_meta where version > 0 order by version;
# Time: 2019-12-06T17:32:13.1832952+02:00
# Txn_start_ts: 413046232365662208
# Query_time: 3.6547071
# Parse_time: 0
# Compile_time: 3.6537067
# Request_count: 1
# Index_names: [stats_meta:idx_ver]
# Is_internal: true
# Digest: f0b4536b9ca2b2cf8b0b4580fa5a6804ace888b4601ce93f17b17f18409e96f0
# Stats: stats_meta:pseudo
# Num_cop_tasks: 1
# Cop_proc_avg: 0 Cop_proc_addr: store1
# Cop_wait_avg: 0 Cop_wait_addr: store1
# Mem_max: 140
# Prepared: false
# Has_more_results: false
# Succ: true
# Plan: tidb_decode_plan('3wI0MAkzXzE4CTAJMzMzMy4BBREBbDUJbXlzcWwuc3RhdHNfbWV0YS52ZXJzaW9uLCBCGgAcdGFibGVfaWRKGwAsbW9kaWZ5X2NvdW50Sh8ABRgcCjEJMzFfMTdWiAAoCjIJMTNfMTUJMQkBnTqmAAV7ADoZphwsIGluZGV4OhWtsHJhbmdlOigwLCtpbmZdLCBrZWVwIG9yZGVyOnRydWUsIHN0YXRzOnBzZXVkbwFsDDBfMTaebAAdTQxmYWxzPk4A')
SELECT version, table_id, modify_count, count from mysql.stats_meta where version > 0 order by version;
# Time: 2019-12-06T17:33:03.8435192+02:00
# Txn_start_ts: 413046245645877248
# Query_time: 0.3039972
# Parse_time: 0
# Compile_time: 0.3029877
# Request_count: 1
# Index_names: [bind_info:time_index]
# Is_internal: true
# Digest: e0cf0e2dccc824f34e52c6341356354f77cce9342074b393bc0185304e075ea3
# Stats: bind_info:pseudo
# Num_cop_tasks: 1
# Cop_proc_avg: 0 Cop_proc_addr: store1
# Cop_wait_avg: 0 Cop_wait_addr: store1
# Mem_max: 140
# Prepared: false
# Has_more_results: false
# Succ: true
# Plan: tidb_decode_plan('6AM0MAkzXzE4CTAJMzMzMy4BBREBfDUJbXlzcWwuYmluZF9pbmZvLm9yaWdpbmFsX3NxbCwgPh4ABShSGgAkZGVmYXVsdF9kYkY2ABRzdGF0dXNGGAAoY3JlYXRlX3RpbWVGHQAIdXBkZh0AGGNoYXJzZXRGNgBAY29sbGF0aW9uCjEJMzFfMTdW9gAoCjIJMTNfMTUJMQkhCzoUARR0YWJsZToF7CEUJCwgaW5kZXg6dXAdkixyYW5nZTooMDAwMC0FAwwgMDA6BQMALgEUmDAwLCtpbmZdLCBrZWVwIG9yZGVyOnRydWUsIHN0YXRzOnBzZXVkbwGIDDBfMTaaiAAdTAxmYWxzPk0A')
select original_sql, bind_sql, default_db, status, create_time, update_time, charset, collation from mysql.bind_info where update_time > "0000-00-00 00:00:00" order by update_time;
# Time: 2019-12-06T17:34:27.8615351+02:00
# Txn_start_ts: 413046267586281472
# Query_time: 0.3228006
# Parse_time: 0
# Compile_time: 0
# Request_count: 1
# Index_names: [bind_info:time_index]
# Is_internal: true
# Digest: e0cf0e2dccc824f34e52c6341356354f77cce9342074b393bc0185304e075ea3
# Stats: bind_info:pseudo
# Num_cop_tasks: 1
# Cop_proc_avg: 0 Cop_proc_addr: store1
# Cop_wait_avg: 0 Cop_wait_addr: store1
# Mem_max: 140
# Prepared: false
# Has_more_results: false
# Succ: true
# Plan: tidb_decode_plan('6AM0MAkzXzE4CTAJMzMzMy4BBREBfDUJbXlzcWwuYmluZF9pbmZvLm9yaWdpbmFsX3NxbCwgPh4ABShSGgAkZGVmYXVsdF9kYkY2ABRzdGF0dXNGGAAoY3JlYXRlX3RpbWVGHQAIdXBkZh0AGGNoYXJzZXRGNgBAY29sbGF0aW9uCjEJMzFfMTdW9gAoCjIJMTNfMTUJMQkhCzoUARR0YWJsZToF7CEUJCwgaW5kZXg6dXAdkixyYW5nZTooMDAwMC0FAwwgMDA6BQMALgEUmDAwLCtpbmZdLCBrZWVwIG9yZGVyOnRydWUsIHN0YXRzOnBzZXVkbwGIDDBfMTaaiAAdTAxmYWxzPk0A')
select original_sql, bind_sql, default_db, status, create_time, update_time, charset, collation from mysql.bind_info where update_time > "0000-00-00 00:00:00" order by update_time;
# Time: 2019-12-06T17:36:22.7481164+02:00
# Txn_start_ts: 413046297468076032
# Query_time: 1.2187833000000001
# Parse_time: 0
# Compile_time: 0
# Is_internal: true
# Digest: 7d757d38b465483f07a597132f3a973125e78d6db2f42a0d1d8c7c0ec575f500
# Num_cop_tasks: 0
# Prepared: false
# Has_more_results: false
# Succ: true
# Plan: tidb_decode_plan('ONwwCTM5XzIwCTAJMwl0YWJsZTpHTE9CQUxfVkFSSUFCTEVTLCBpbmRleDpWQVJJQUJMRV9OQU1FCg==')
select variable_name, variable_value from mysql.global_variables where variable_name in ('tidb_auto_analyze_ratio', 'tidb_auto_analyze_start_time', 'tidb_auto_analyze_end_time');
# Time: 2019-12-06T17:36:22.7511154+02:00
# Txn_start_ts: 413046297787367424
# Query_time: 1.22178
# Parse_time: 0
# Compile_time: 1.2177833
# Request_count: 1
# Index_names: [stats_meta:idx_ver]
# Is_internal: true
# Digest: f0b4536b9ca2b2cf8b0b4580fa5a6804ace888b4601ce93f17b17f18409e96f0
# Stats: stats_meta:pseudo
# Num_cop_tasks: 1
# Cop_proc_avg: 0 Cop_proc_addr: store1
# Cop_wait_avg: 0 Cop_wait_addr: store1
# Mem_max: 140
# Prepared: false
# Has_more_results: false
# Succ: true
# Plan: tidb_decode_plan('3wI0MAkzXzE4CTAJMzMzMy4BBREBbDUJbXlzcWwuc3RhdHNfbWV0YS52ZXJzaW9uLCBCGgAcdGFibGVfaWRKGwAsbW9kaWZ5X2NvdW50Sh8ABRgcCjEJMzFfMTdWiAAoCjIJMTNfMTUJMQkBnTqmAAV7ADoZphwsIGluZGV4OhWtsHJhbmdlOigwLCtpbmZdLCBrZWVwIG9yZGVyOnRydWUsIHN0YXRzOnBzZXVkbwFsDDBfMTaebAAdTQxmYWxzPk4A')
SELECT version, table_id, modify_count, count from mysql.stats_meta where version > 0 order by version;
# Time: 2019-12-06T17:37:40.5176756+02:00
# Txn_start_ts: 413046318174306304
# Query_time: 3.840617
# Parse_time: 3.839617
# Compile_time: 0
# Request_count: 1
# Is_internal: true
# Digest: e7e1e665082894ce4fd54449d7b2be0381ff1b5c2994d65711265b410cf3a610
# Stats: columns_priv:pseudo
# Num_cop_tasks: 1
# Cop_proc_avg: 0 Cop_proc_addr: store1
# Cop_wait_avg: 0 Cop_wait_addr: store1
# Mem_max: 111
# Prepared: false
# Has_more_results: false
# Succ: true
# Plan: tidb_decode_plan('dZgwCTMyXzUJMAkxMDAwMAlkYXRhOlRhYmxlU2Nhbl80CjEJMTBfNAkBBwEgAHQBG/BAOmNvbHVtbnNfcHJpdiwgcmFuZ2U6Wy1pbmYsK2luZl0sIGtlZXAgb3JkZXI6ZmFsc2UsIHN0YXRzOnBzZXVkbwo=')
select HIGH_PRIORITY Host,DB,User,Table_name,Column_name,Timestamp,Column_priv from mysql.columns_priv;
# Time: 2019-12-06T17:39:28.3219218+02:00
# Txn_start_ts: 413046345440690176
# Query_time: 3.7921253
# Parse_time: 0
# Compile_time: 0
# Is_internal: true
# Digest: 7d757d38b465483f07a597132f3a973125e78d6db2f42a0d1d8c7c0ec575f500
# Num_cop_tasks: 0
# Prepared: false
# Has_more_results: false
# Succ: true
# Plan: tidb_decode_plan('ONwwCTM5XzE5CTAJMwl0YWJsZTpHTE9CQUxfVkFSSUFCTEVTLCBpbmRleDpWQVJJQUJMRV9OQU1FCg==')
select variable_name, variable_value from mysql.global_variables where variable_name in ('tidb_auto_analyze_ratio', 'tidb_auto_analyze_start_time', 'tidb_auto_analyze_end_time');
# Time: 2019-12-06T17:40:08.0636984+02:00
# Txn_start_ts: 413046356450738176
# Query_time: 1.5344843
# Parse_time: 0
# Compile_time: 0
# Request_count: 1
# Index_names: [stats_meta:idx_ver]
# Is_internal: true
# Digest: f0b4536b9ca2b2cf8b0b4580fa5a6804ace888b4601ce93f17b17f18409e96f0
# Stats: stats_meta:pseudo
# Num_cop_tasks: 1
# Cop_proc_avg: 0 Cop_proc_addr: store1
# Cop_wait_avg: 0 Cop_wait_addr: store1
# Mem_max: 140
# Prepared: false
# Has_more_results: false
# Succ: true
# Plan: tidb_decode_plan('3wI0MAkzXzE4CTAJMzMzMy4BBREBbDUJbXlzcWwuc3RhdHNfbWV0YS52ZXJzaW9uLCBCGgAcdGFibGVfaWRKGwAsbW9kaWZ5X2NvdW50Sh8ABRgcCjEJMzFfMTdWiAAoCjIJMTNfMTUJMQkBnTqmAAV7ADoZphwsIGluZGV4OhWtsHJhbmdlOigwLCtpbmZdLCBrZWVwIG9yZGVyOnRydWUsIHN0YXRzOnBzZXVkbwFsDDBfMTaebAAdTQxmYWxzPk4A')
SELECT version, table_id, modify_count, count from mysql.stats_meta where version > 0 order by version;
# Time: 2019-12-06T17:40:21.8540956+02:00
# Txn_start_ts: 413046360467832832
# Query_time: 0.314963
# Parse_time: 0
# Compile_time: 0.3139507
# Request_count: 1
# Index_names: [bind_info:time_index]
# Is_internal: true
# Digest: e0cf0e2dccc824f34e52c6341356354f77cce9342074b393bc0185304e075ea3
# Stats: bind_info:pseudo
# Num_cop_tasks: 1
# Cop_proc_avg: 0 Cop_proc_addr: store1
# Cop_wait_avg: 0 Cop_wait_addr: store1
# Mem_max: 140
# Prepared: false
# Has_more_results: false
# Succ: true
# Plan: tidb_decode_plan('6AM0MAkzXzE4CTAJMzMzMy4BBREBfDUJbXlzcWwuYmluZF9pbmZvLm9yaWdpbmFsX3NxbCwgPh4ABShSGgAkZGVmYXVsdF9kYkY2ABRzdGF0dXNGGAAoY3JlYXRlX3RpbWVGHQAIdXBkZh0AGGNoYXJzZXRGNgBAY29sbGF0aW9uCjEJMzFfMTdW9gAoCjIJMTNfMTUJMQkhCzoUARR0YWJsZToF7CEUJCwgaW5kZXg6dXAdkixyYW5nZTooMDAwMC0FAwwgMDA6BQMALgEUmDAwLCtpbmZdLCBrZWVwIG9yZGVyOnRydWUsIHN0YXRzOnBzZXVkbwGIDDBfMTaaiAAdTAxmYWxzPk0A')
select original_sql, bind_sql, default_db, status, create_time, update_time, charset, collation from mysql.bind_info where update_time > "0000-00-00 00:00:00" order by update_time;
# Time: 2019-12-06T17:42:59.0343777+02:00
# Txn_start_ts: 413046401671364608
# Query_time: 1.5052208
# Parse_time: 1.5042106
# Compile_time: 0
# Request_count: 1
# Index_names: [stats_meta:idx_ver]
# Is_internal: true
# Digest: f0b4536b9ca2b2cf8b0b4580fa5a6804ace888b4601ce93f17b17f18409e96f0
# Stats: stats_meta:pseudo
# Num_cop_tasks: 1
# Cop_proc_avg: 0 Cop_proc_addr: store1
# Cop_wait_avg: 0 Cop_wait_addr: store1
# Mem_max: 140
# Prepared: false
# Has_more_results: false
# Succ: true
# Plan: tidb_decode_plan('3wI0MAkzXzE4CTAJMzMzMy4BBREBbDUJbXlzcWwuc3RhdHNfbWV0YS52ZXJzaW9uLCBCGgAcdGFibGVfaWRKGwAsbW9kaWZ5X2NvdW50Sh8ABRgcCjEJMzFfMTdWiAAoCjIJMTNfMTUJMQkBnTqmAAV7ADoZphwsIGluZGV4OhWtsHJhbmdlOigwLCtpbmZdLCBrZWVwIG9yZGVyOnRydWUsIHN0YXRzOnBzZXVkbwFsDDBfMTaebAAdTQxmYWxzPk4A')
SELECT version, table_id, modify_count, count from mysql.stats_meta where version > 0 order by version;
# Time: 2019-12-06T17:45:07.4363153+02:00
# Txn_start_ts: 413046435093676032
# Query_time: 0.9080583
# Parse_time: 0
# Compile_time: 0
# Is_internal: true
# Digest: 7d757d38b465483f07a597132f3a973125e78d6db2f42a0d1d8c7c0ec575f500
# Num_cop_tasks: 0
# Prepared: false
# Has_more_results: false
# Succ: true
# Plan: tidb_decode_plan('ONwwCTM5XzE5CTAJMwl0YWJsZTpHTE9CQUxfVkFSSUFCTEVTLCBpbmRleDpWQVJJQUJMRV9OQU1FCg==')
select variable_name, variable_value from mysql.global_variables where variable_name in ('tidb_auto_analyze_ratio', 'tidb_auto_analyze_start_time', 'tidb_auto_analyze_end_time');
# Time: 2019-12-06T17:45:07.4363153+02:00
# Txn_start_ts: 413046434310127616
# Query_time: 3.8975149
# Parse_time: 0
# Compile_time: 0.0009985
# Request_count: 1
# Index_names: [bind_info:time_index]
# Is_internal: true
# Digest: e0cf0e2dccc824f34e52c6341356354f77cce9342074b393bc0185304e075ea3
# Stats: bind_info:pseudo
# Num_cop_tasks: 1
# Cop_proc_avg: 0 Cop_proc_addr: store1
# Cop_wait_avg: 0 Cop_wait_addr: store1
# Mem_max: 140
# Prepared: false
# Has_more_results: false
# Succ: true
# Plan: tidb_decode_plan('6AM0MAkzXzE4CTAJMzMzMy4BBREBfDUJbXlzcWwuYmluZF9pbmZvLm9yaWdpbmFsX3NxbCwgPh4ABShSGgAkZGVmYXVsdF9kYkY2ABRzdGF0dXNGGAAoY3JlYXRlX3RpbWVGHQAIdXBkZh0AGGNoYXJzZXRGNgBAY29sbGF0aW9uCjEJMzFfMTdW9gAoCjIJMTNfMTUJMQkhCzoUARR0YWJsZToF7CEUJCwgaW5kZXg6dXAdkixyYW5nZTooMDAwMC0FAwwgMDA6BQMALgEUmDAwLCtpbmZdLCBrZWVwIG9yZGVyOnRydWUsIHN0YXRzOnBzZXVkbwGIDDBfMTaaiAAdTAxmYWxzPk0A')
select original_sql, bind_sql, default_db, status, create_time, update_time, charset, collation from mysql.bind_info where update_time > "0000-00-00 00:00:00" order by update_time;
# Time: 2019-12-06T17:45:07.4383317+02:00
# Txn_start_ts: 413046435093676033
# Query_time: 0.9090667
# Parse_time: 0
# Compile_time: 0
# Request_count: 1
# Index_names: [stats_meta:idx_ver]
# Is_internal: true
# Digest: f0b4536b9ca2b2cf8b0b4580fa5a6804ace888b4601ce93f17b17f18409e96f0
# Stats: stats_meta:pseudo
# Num_cop_tasks: 1
# Cop_proc_avg: 0 Cop_proc_addr: store1
# Cop_wait_avg: 0 Cop_wait_addr: store1
# Mem_max: 140
# Prepared: false
# Has_more_results: false
# Succ: true
# Plan: tidb_decode_plan('3wI0MAkzXzE4CTAJMzMzMy4BBREBbDUJbXlzcWwuc3RhdHNfbWV0YS52ZXJzaW9uLCBCGgAcdGFibGVfaWRKGwAsbW9kaWZ5X2NvdW50Sh8ABRgcCjEJMzFfMTdWiAAoCjIJMTNfMTUJMQkBnTqmAAV7ADoZphwsIGluZGV4OhWtsHJhbmdlOigwLCtpbmZdLCBrZWVwIG9yZGVyOnRydWUsIHN0YXRzOnBzZXVkbwFsDDBfMTaebAAdTQxmYWxzPk4A')
SELECT version, table_id, modify_count, count from mysql.stats_meta where version > 0 order by version;
# Time: 2019-12-06T17:48:22.4604066+02:00
# Txn_start_ts: 413046485502394368
# Query_time: 3.6377293
# Parse_time: 0
# Compile_time: 0
# Request_count: 1
# Index_names: [stats_meta:idx_ver]
# Is_internal: true
# Digest: f0b4536b9ca2b2cf8b0b4580fa5a6804ace888b4601ce93f17b17f18409e96f0
# Stats: stats_meta:pseudo
# Num_cop_tasks: 1
# Cop_proc_avg: 0 Cop_proc_addr: store1
# Cop_wait_avg: 0 Cop_wait_addr: store1
# Mem_max: 140
# Prepared: false
# Has_more_results: false
# Succ: true
# Plan: tidb_decode_plan('3wI0MAkzXzE4CTAJMzMzMy4BBREBbDUJbXlzcWwuc3RhdHNfbWV0YS52ZXJzaW9uLCBCGgAcdGFibGVfaWRKGwAsbW9kaWZ5X2NvdW50Sh8ABRgcCjEJMzFfMTdWiAAoCjIJMTNfMTUJMQkBnTqmAAV7ADoZphwsIGluZGV4OhWtsHJhbmdlOigwLCtpbmZdLCBrZWVwIG9yZGVyOnRydWUsIHN0YXRzOnBzZXVkbwFsDDBfMTaebAAdTQxmYWxzPk4A')
SELECT version, table_id, modify_count, count from mysql.stats_meta where version > 0 order by version;
# Time: 2019-12-29T18:30:41.1668355+02:00
# Txn_start_ts: 413568084444971008
# Query_time: 3.9549167
# Parse_time: 0
# Compile_time: 3.9539005
# Request_count: 1
# Index_names: [stats_meta:idx_ver]
# Is_internal: true
# Digest: f0b4536b9ca2b2cf8b0b4580fa5a6804ace888b4601ce93f17b17f18409e96f0
# Stats: stats_meta:pseudo
# Num_cop_tasks: 1
# Cop_proc_avg: 0 Cop_proc_addr: store1
# Cop_wait_avg: 0 Cop_wait_addr: store1
# Mem_max: 140
# Prepared: false
# Has_more_results: false
# Succ: true
# Plan: tidb_decode_plan('3wI0MAkzXzE4CTAJMzMzMy4BBREBbDUJbXlzcWwuc3RhdHNfbWV0YS52ZXJzaW9uLCBCGgAcdGFibGVfaWRKGwAsbW9kaWZ5X2NvdW50Sh8ABRgcCjEJMzFfMTdWiAAoCjIJMTNfMTUJMQkBnTqmAAV7ADoZphwsIGluZGV4OhWtsHJhbmdlOigwLCtpbmZdLCBrZWVwIG9yZGVyOnRydWUsIHN0YXRzOnBzZXVkbwFsDDBfMTaebAAdTQxmYWxzPk4A')
SELECT version, table_id, modify_count, count from mysql.stats_meta where version > 0 order by version;
# Time: 2019-12-29T18:30:41.1668355+02:00
# Txn_start_ts: 413568084453359616
# Query_time: 0.9858059
# Parse_time: 0
# Compile_time: 0.9847905
# Request_count: 1
# Index_names: [bind_info:time_index]
# Is_internal: true
# Digest: e0cf0e2dccc824f34e52c6341356354f77cce9342074b393bc0185304e075ea3
# Stats: bind_info:pseudo
# Num_cop_tasks: 1
# Cop_proc_avg: 0 Cop_proc_addr: store1
# Cop_wait_avg: 0 Cop_wait_addr: store1
# Mem_max: 140
# Prepared: false
# Has_more_results: false
# Succ: true
# Plan: tidb_decode_plan('6AM0MAkzXzE4CTAJMzMzMy4BBREBfDUJbXlzcWwuYmluZF9pbmZvLm9yaWdpbmFsX3NxbCwgPh4ABShSGgAkZGVmYXVsdF9kYkY2ABRzdGF0dXNGGAAoY3JlYXRlX3RpbWVGHQAIdXBkZh0AGGNoYXJzZXRGNgBAY29sbGF0aW9uCjEJMzFfMTdW9gAoCjIJMTNfMTUJMQkhCzoUARR0YWJsZToF7CEUJCwgaW5kZXg6dXAdkixyYW5nZTooMDAwMC0FAwwgMDA6BQMALgEUmDAwLCtpbmZdLCBrZWVwIG9yZGVyOnRydWUsIHN0YXRzOnBzZXVkbwGIDDBfMTaaiAAdTAxmYWxzPk0A')
select original_sql, bind_sql, default_db, status, create_time, update_time, charset, collation from mysql.bind_info where update_time > "0000-00-00 00:00:00" order by update_time;
# Time: 2019-12-29T18:31:07.2495613+02:00
# Txn_start_ts: 413568091273297920
# Query_time: 0.3186432
# Parse_time: 0
# Compile_time: 0.0009958
# Request_count: 1
# Index_names: [stats_meta:idx_ver]
# Is_internal: true
# Digest: f0b4536b9ca2b2cf8b0b4580fa5a6804ace888b4601ce93f17b17f18409e96f0
# Stats: stats_meta:pseudo
# Num_cop_tasks: 1
# Cop_proc_avg: 0 Cop_proc_addr: store1
# Cop_wait_avg: 0 Cop_wait_addr: store1
# Mem_max: 140
# Prepared: false
# Has_more_results: false
# Succ: true
# Plan: tidb_decode_plan('3wI0MAkzXzE4CTAJMzMzMy4BBREBbDUJbXlzcWwuc3RhdHNfbWV0YS52ZXJzaW9uLCBCGgAcdGFibGVfaWRKGwAsbW9kaWZ5X2NvdW50Sh8ABRgcCjEJMzFfMTdWiAAoCjIJMTNfMTUJMQkBnTqmAAV7ADoZphwsIGluZGV4OhWtsHJhbmdlOigwLCtpbmZdLCBrZWVwIG9yZGVyOnRydWUsIHN0YXRzOnBzZXVkbwFsDDBfMTaebAAdTQxmYWxzPk4A')
SELECT version, table_id, modify_count, count from mysql.stats_meta where version > 0 order by version;
# Time: 2019-12-29T18:33:08.3903698+02:00
# Txn_start_ts: 413568123113046016
# Query_time: 1.4613486
# Parse_time: 0
# Compile_time: 1.4603381
# Request_count: 1
# Index_names: [bind_info:time_index]
# Is_internal: true
# Digest: e0cf0e2dccc824f34e52c6341356354f77cce9342074b393bc0185304e075ea3
# Stats: bind_info:pseudo
# Num_cop_tasks: 1
# Cop_proc_avg: 0 Cop_proc_addr: store1
# Cop_wait_avg: 0 Cop_wait_addr: store1
# Mem_max: 140
# Prepared: false
# Has_more_results: false
# Succ: true
# Plan: tidb_decode_plan('6AM0MAkzXzE4CTAJMzMzMy4BBREBfDUJbXlzcWwuYmluZF9pbmZvLm9yaWdpbmFsX3NxbCwgPh4ABShSGgAkZGVmYXVsdF9kYkY2ABRzdGF0dXNGGAAoY3JlYXRlX3RpbWVGHQAIdXBkZh0AGGNoYXJzZXRGNgBAY29sbGF0aW9uCjEJMzFfMTdW9gAoCjIJMTNfMTUJMQkhCzoUARR0YWJsZToF7CEUJCwgaW5kZXg6dXAdkixyYW5nZTooMDAwMC0FAwwgMDA6BQMALgEUmDAwLCtpbmZdLCBrZWVwIG9yZGVyOnRydWUsIHN0YXRzOnBzZXVkbwGIDDBfMTaaiAAdTAxmYWxzPk0A')
select original_sql, bind_sql, default_db, status, create_time, update_time, charset, collation from mysql.bind_info where update_time > "0000-00-00 00:00:00" order by update_time;
# Time: 2019-12-29T18:33:29.601012+02:00
# Txn_start_ts: 413568128673382400
# Query_time: 1.6729029
# Parse_time: 0
# Compile_time: 1.6719012
# Request_count: 1
# Index_names: [stats_meta:idx_ver]
# Is_internal: true
# Digest: f0b4536b9ca2b2cf8b0b4580fa5a6804ace888b4601ce93f17b17f18409e96f0
# Stats: stats_meta:pseudo
# Num_cop_tasks: 1
# Cop_proc_avg: 0 Cop_proc_addr: store1
# Cop_wait_avg: 0 Cop_wait_addr: store1
# Mem_max: 140
# Prepared: false
# Has_more_results: false
# Succ: true
# Plan: tidb_decode_plan('3wI0MAkzXzE4CTAJMzMzMy4BBREBbDUJbXlzcWwuc3RhdHNfbWV0YS52ZXJzaW9uLCBCGgAcdGFibGVfaWRKGwAsbW9kaWZ5X2NvdW50Sh8ABRgcCjEJMzFfMTdWiAAoCjIJMTNfMTUJMQkBnTqmAAV7ADoZphwsIGluZGV4OhWtsHJhbmdlOigwLCtpbmZdLCBrZWVwIG9yZGVyOnRydWUsIHN0YXRzOnBzZXVkbwFsDDBfMTaebAAdTQxmYWxzPk4A')
SELECT version, table_id, modify_count, count from mysql.stats_meta where version > 0 order by version;
# Time: 2019-12-29T18:34:31.9146877+02:00
# Txn_start_ts: 413568145008361473
# Query_time: 0.9853713
# Parse_time: 0.9843722
# Compile_time: 0
# Request_count: 1
# Index_names: [bind_info:time_index]
# Is_internal: true
# Digest: e0cf0e2dccc824f34e52c6341356354f77cce9342074b393bc0185304e075ea3
# Stats: bind_info:pseudo
# Num_cop_tasks: 1
# Cop_proc_avg: 0 Cop_proc_addr: store1
# Cop_wait_avg: 0 Cop_wait_addr: store1
# Mem_max: 140
# Prepared: false
# Has_more_results: false
# Succ: true
# Plan: tidb_decode_plan('6AM0MAkzXzE4CTAJMzMzMy4BBREBfDUJbXlzcWwuYmluZF9pbmZvLm9yaWdpbmFsX3NxbCwgPh4ABShSGgAkZGVmYXVsdF9kYkY2ABRzdGF0dXNGGAAoY3JlYXRlX3RpbWVGHQAIdXBkZh0AGGNoYXJzZXRGNgBAY29sbGF0aW9uCjEJMzFfMTdW9gAoCjIJMTNfMTUJMQkhCzoUARR0YWJsZToF7CEUJCwgaW5kZXg6dXAdkixyYW5nZTooMDAwMC0FAwwgMDA6BQMALgEUmDAwLCtpbmZdLCBrZWVwIG9yZGVyOnRydWUsIHN0YXRzOnBzZXVkbwGIDDBfMTaaiAAdTAxmYWxzPk0A')
select original_sql, bind_sql, default_db, status, create_time, update_time, charset, collation from mysql.bind_info where update_time > "0000-00-00 00:00:00" order by update_time;
# Time: 2019-12-29T18:34:59.4557031+02:00
# Txn_start_ts: 413568151828824064
# Query_time: 1.5248127999999999
# Parse_time: 0
# Compile_time: 0.0009829
# Request_count: 1
# Index_names: [bind_info:time_index]
# Is_internal: true
# Digest: e0cf0e2dccc824f34e52c6341356354f77cce9342074b393bc0185304e075ea3
# Stats: bind_info:pseudo
# Num_cop_tasks: 1
# Cop_proc_avg: 0 Cop_proc_addr: store1
# Cop_wait_avg: 0 Cop_wait_addr: store1
# Mem_max: 140
# Prepared: false
# Has_more_results: false
# Succ: true
# Plan: tidb_decode_plan('6AM0MAkzXzE4CTAJMzMzMy4BBREBfDUJbXlzcWwuYmluZF9pbmZvLm9yaWdpbmFsX3NxbCwgPh4ABShSGgAkZGVmYXVsdF9kYkY2ABRzdGF0dXNGGAAoY3JlYXRlX3RpbWVGHQAIdXBkZh0AGGNoYXJzZXRGNgBAY29sbGF0aW9uCjEJMzFfMTdW9gAoCjIJMTNfMTUJMQkhCzoUARR0YWJsZToF7CEUJCwgaW5kZXg6dXAdkixyYW5nZTooMDAwMC0FAwwgMDA6BQMALgEUmDAwLCtpbmZdLCBrZWVwIG9yZGVyOnRydWUsIHN0YXRzOnBzZXVkbwGIDDBfMTaaiAAdTAxmYWxzPk0A')
select original_sql, bind_sql, default_db, status, create_time, update_time, charset, collation from mysql.bind_info where update_time > "0000-00-00 00:00:00" order by update_time;
# Time: 2019-12-29T18:36:13.9127678+02:00
# Txn_start_ts: 413568170703192064
# Query_time: 3.9813235000000002
# Parse_time: 0
# Compile_time: 0.0009981
# Request_count: 1
# Index_names: [bind_info:time_index]
# Is_internal: true
# Digest: e0cf0e2dccc824f34e52c6341356354f77cce9342074b393bc0185304e075ea3
# Stats: bind_info:pseudo
# Num_cop_tasks: 1
# Cop_proc_avg: 0 Cop_proc_addr: store1
# Cop_wait_avg: 0 Cop_wait_addr: store1
# Mem_max: 140
# Prepared: false
# Has_more_results: false
# Succ: true
# Plan: tidb_decode_plan('6AM0MAkzXzE4CTAJMzMzMy4BBREBfDUJbXlzcWwuYmluZF9pbmZvLm9yaWdpbmFsX3NxbCwgPh4ABShSGgAkZGVmYXVsdF9kYkY2ABRzdGF0dXNGGAAoY3JlYXRlX3RpbWVGHQAIdXBkZh0AGGNoYXJzZXRGNgBAY29sbGF0aW9uCjEJMzFfMTdW9gAoCjIJMTNfMTUJMQkhCzoUARR0YWJsZToF7CEUJCwgaW5kZXg6dXAdkixyYW5nZTooMDAwMC0FAwwgMDA6BQMALgEUmDAwLCtpbmZdLCBrZWVwIG9yZGVyOnRydWUsIHN0YXRzOnBzZXVkbwGIDDBfMTaaiAAdTAxmYWxzPk0A')
select original_sql, bind_sql, default_db, status, create_time, update_time, charset, collation from mysql.bind_info where update_time > "0000-00-00 00:00:00" order by update_time;
# Time: 2019-12-29T18:37:14.4277514+02:00
# Txn_start_ts: 413568187608596480
# Query_time: 1.4938141
# Parse_time: 0
# Compile_time: 1.4928191
# Request_count: 1
# Index_names: [stats_meta:idx_ver]
# Is_internal: true
# Digest: f0b4536b9ca2b2cf8b0b4580fa5a6804ace888b4601ce93f17b17f18409e96f0
# Stats: stats_meta:pseudo
# Num_cop_tasks: 1
# Cop_proc_avg: 0 Cop_proc_addr: store1
# Cop_wait_avg: 0 Cop_wait_addr: store1
# Mem_max: 140
# Prepared: false
# Has_more_results: false
# Succ: true
# Plan: tidb_decode_plan('3wI0MAkzXzE4CTAJMzMzMy4BBREBbDUJbXlzcWwuc3RhdHNfbWV0YS52ZXJzaW9uLCBCGgAcdGFibGVfaWRKGwAsbW9kaWZ5X2NvdW50Sh8ABRgcCjEJMzFfMTdWiAAoCjIJMTNfMTUJMQkBnTqmAAV7ADoZphwsIGluZGV4OhWtsHJhbmdlOigwLCtpbmZdLCBrZWVwIG9yZGVyOnRydWUsIHN0YXRzOnBzZXVkbwFsDDBfMTaebAAdTQxmYWxzPk4A')
SELECT version, table_id, modify_count, count from mysql.stats_meta where version > 0 order by version;
# Time: 2019-12-29T18:37:41.3802927+02:00
# Txn_start_ts: 413568194675474432
# Query_time: 1.4478728
# Parse_time: 0
# Compile_time: 1.4468782
# Request_count: 1
# Index_names: [bind_info:time_index]
# Is_internal: true
# Digest: e0cf0e2dccc824f34e52c6341356354f77cce9342074b393bc0185304e075ea3
# Stats: bind_info:pseudo
# Num_cop_tasks: 1
# Cop_proc_avg: 0 Cop_proc_addr: store1
# Cop_wait_avg: 0 Cop_wait_addr: store1
# Mem_max: 140
# Prepared: false
# Has_more_results: false
# Succ: true
# Plan: tidb_decode_plan('6AM0MAkzXzE4CTAJMzMzMy4BBREBfDUJbXlzcWwuYmluZF9pbmZvLm9yaWdpbmFsX3NxbCwgPh4ABShSGgAkZGVmYXVsdF9kYkY2ABRzdGF0dXNGGAAoY3JlYXRlX3RpbWVGHQAIdXBkZh0AGGNoYXJzZXRGNgBAY29sbGF0aW9uCjEJMzFfMTdW9gAoCjIJMTNfMTUJMQkhCzoUARR0YWJsZToF7CEUJCwgaW5kZXg6dXAdkixyYW5nZTooMDAwMC0FAwwgMDA6BQMALgEUmDAwLCtpbmZdLCBrZWVwIG9yZGVyOnRydWUsIHN0YXRzOnBzZXVkbwGIDDBfMTaaiAAdTAxmYWxzPk0A')
select original_sql, bind_sql, default_db, status, create_time, update_time, charset, collation from mysql.bind_info where update_time > "0000-00-00 00:00:00" order by update_time;
# Time: 2019-12-29T18:37:55.2484694+02:00
# Txn_start_ts: 413568198228574208
# Query_time: 0.3187822
# Parse_time: 0
# Compile_time: 0.0019801
# Request_count: 1
# Index_names: [bind_info:time_index]
# Is_internal: true
# Digest: e0cf0e2dccc824f34e52c6341356354f77cce9342074b393bc0185304e075ea3
# Stats: bind_info:pseudo
# Num_cop_tasks: 1
# Cop_proc_avg: 0 Cop_proc_addr: store1
# Cop_wait_avg: 0 Cop_wait_addr: store1
# Mem_max: 140
# Prepared: false
# Has_more_results: false
# Succ: true
# Plan: tidb_decode_plan('6AM0MAkzXzE4CTAJMzMzMy4BBREBfDUJbXlzcWwuYmluZF9pbmZvLm9yaWdpbmFsX3NxbCwgPh4ABShSGgAkZGVmYXVsdF9kYkY2ABRzdGF0dXNGGAAoY3JlYXRlX3RpbWVGHQAIdXBkZh0AGGNoYXJzZXRGNgBAY29sbGF0aW9uCjEJMzFfMTdW9gAoCjIJMTNfMTUJMQkhCzoUARR0YWJsZToF7CEUJCwgaW5kZXg6dXAdkixyYW5nZTooMDAwMC0FAwwgMDA6BQMALgEUmDAwLCtpbmZdLCBrZWVwIG9yZGVyOnRydWUsIHN0YXRzOnBzZXVkbwGIDDBfMTaaiAAdTAxmYWxzPk0A')
select original_sql, bind_sql, default_db, status, create_time, update_time, charset, collation from mysql.bind_info where update_time > "0000-00-00 00:00:00" order by update_time;
# Time: 2019-12-29T18:39:25.7061178+02:00
# Txn_start_ts: 413568221034315776
# Query_time: 3.7762231
# Parse_time: 0
# Compile_time: 0.0009884
# Request_count: 1
# Index_names: [stats_meta:idx_ver]
# Is_internal: true
# Digest: f0b4536b9ca2b2cf8b0b4580fa5a6804ace888b4601ce93f17b17f18409e96f0
# Stats: stats_meta:pseudo
# Num_cop_tasks: 1
# Cop_proc_avg: 0 Cop_proc_addr: store1
# Cop_wait_avg: 0 Cop_wait_addr: store1
# Mem_max: 140
# Prepared: false
# Has_more_results: false
# Succ: true
# Plan: tidb_decode_plan('3wI0MAkzXzE4CTAJMzMzMy4BBREBbDUJbXlzcWwuc3RhdHNfbWV0YS52ZXJzaW9uLCBCGgAcdGFibGVfaWRKGwAsbW9kaWZ5X2NvdW50Sh8ABRgcCjEJMzFfMTdWiAAoCjIJMTNfMTUJMQkBnTqmAAV7ADoZphwsIGluZGV4OhWtsHJhbmdlOigwLCtpbmZdLCBrZWVwIG9yZGVyOnRydWUsIHN0YXRzOnBzZXVkbwFsDDBfMTaebAAdTQxmYWxzPk4A')
SELECT version, table_id, modify_count, count from mysql.stats_meta where version > 0 order by version;
# Time: 2019-12-29T18:40:04.7305904+02:00
# Txn_start_ts: 413568232254078976
# Query_time: 3.7989386
# Parse_time: 0
# Compile_time: 3.7989386
# Is_internal: true
# Digest: 7d757d38b465483f07a597132f3a973125e78d6db2f42a0d1d8c7c0ec575f500
# Num_cop_tasks: 0
# Prepared: false
# Has_more_results: false
# Succ: true
# Plan: tidb_decode_plan('ONwwCTM5XzE5CTAJMwl0YWJsZTpHTE9CQUxfVkFSSUFCTEVTLCBpbmRleDpWQVJJQUJMRV9OQU1FCg==')
select variable_name, variable_value from mysql.global_variables where variable_name in ('tidb_auto_analyze_ratio', 'tidb_auto_analyze_start_time', 'tidb_auto_analyze_end_time');
# Time: 2019-12-29T18:40:52.6983645+02:00
# Txn_start_ts: 413568243841105921
# Query_time: 3.767452
# Parse_time: 0
# Compile_time: 0
# Request_count: 1
# Index_names: [bind_info:time_index]
# Is_internal: true
# Digest: e0cf0e2dccc824f34e52c6341356354f77cce9342074b393bc0185304e075ea3
# Stats: bind_info:pseudo
# Num_cop_tasks: 1
# Cop_proc_avg: 0 Cop_proc_addr: store1
# Cop_wait_avg: 0 Cop_wait_addr: store1
# Mem_max: 140
# Prepared: false
# Has_more_results: false
# Succ: true
# Plan: tidb_decode_plan('6AM0MAkzXzE4CTAJMzMzMy4BBREBfDUJbXlzcWwuYmluZF9pbmZvLm9yaWdpbmFsX3NxbCwgPh4ABShSGgAkZGVmYXVsdF9kYkY2ABRzdGF0dXNGGAAoY3JlYXRlX3RpbWVGHQAIdXBkZh0AGGNoYXJzZXRGNgBAY29sbGF0aW9uCjEJMzFfMTdW9gAoCjIJMTNfMTUJMQkhCzoUARR0YWJsZToF7CEUJCwgaW5kZXg6dXAdkixyYW5nZTooMDAwMC0FAwwgMDA6BQMALgEUmDAwLCtpbmZdLCBrZWVwIG9yZGVyOnRydWUsIHN0YXRzOnBzZXVkbwGIDDBfMTaaiAAdTAxmYWxzPk0A')
select original_sql, bind_sql, default_db, status, create_time, update_time, charset, collation from mysql.bind_info where update_time > "0000-00-00 00:00:00" order by update_time;
# Time: 2019-12-29T18:42:01.9206742+02:00
# Txn_start_ts: 413568262940131328
# Query_time: 3.9308499
# Parse_time: 0
# Compile_time: 3.8568942
# Request_count: 1
# Index_names: [bind_info:time_index]
# Is_internal: true
# Digest: e0cf0e2dccc824f34e52c6341356354f77cce9342074b393bc0185304e075ea3
# Stats: bind_info:pseudo
# Num_cop_tasks: 1
# Cop_proc_avg: 0 Cop_proc_addr: store1
# Cop_wait_avg: 0 Cop_wait_addr: store1
# Mem_max: 140
# Prepared: false
# Has_more_results: false
# Succ: true
# Plan: tidb_decode_plan('6AM0MAkzXzE4CTAJMzMzMy4BBREBfDUJbXlzcWwuYmluZF9pbmZvLm9yaWdpbmFsX3NxbCwgPh4ABShSGgAkZGVmYXVsdF9kYkY2ABRzdGF0dXNGGAAoY3JlYXRlX3RpbWVGHQAIdXBkZh0AGGNoYXJzZXRGNgBAY29sbGF0aW9uCjEJMzFfMTdW9gAoCjIJMTNfMTUJMQkhCzoUARR0YWJsZToF7CEUJCwgaW5kZXg6dXAdkixyYW5nZTooMDAwMC0FAwwgMDA6BQMALgEUmDAwLCtpbmZdLCBrZWVwIG9yZGVyOnRydWUsIHN0YXRzOnBzZXVkbwGIDDBfMTaaiAAdTAxmYWxzPk0A')
select original_sql, bind_sql, default_db, status, create_time, update_time, charset, collation from mysql.bind_info where update_time > "0000-00-00 00:00:00" order by update_time;
# Time: 2019-12-29T18:42:46.8244803+02:00
# Txn_start_ts: 413568273725259776
# Query_time: 3.8955707
# Parse_time: 0
# Compile_time: 0.0009887
# Request_count: 1
# Index_names: [stats_meta:idx_ver]
# Is_internal: true
# Digest: f0b4536b9ca2b2cf8b0b4580fa5a6804ace888b4601ce93f17b17f18409e96f0
# Stats: stats_meta:pseudo
# Num_cop_tasks: 1
# Cop_proc_avg: 0 Cop_proc_addr: store1
# Cop_wait_avg: 0 Cop_wait_addr: store1
# Mem_max: 140
# Prepared: false
# Has_more_results: false
# Succ: true
# Plan: tidb_decode_plan('3wI0MAkzXzE4CTAJMzMzMy4BBREBbDUJbXlzcWwuc3RhdHNfbWV0YS52ZXJzaW9uLCBCGgAcdGFibGVfaWRKGwAsbW9kaWZ5X2NvdW50Sh8ABRgcCjEJMzFfMTdWiAAoCjIJMTNfMTUJMQkBnTqmAAV7ADoZphwsIGluZGV4OhWtsHJhbmdlOigwLCtpbmZdLCBrZWVwIG9yZGVyOnRydWUsIHN0YXRzOnBzZXVkbwFsDDBfMTaebAAdTQxmYWxzPk4A')
SELECT version, table_id, modify_count, count from mysql.stats_meta where version > 0 order by version;
# Time: 2019-12-29T18:43:05.4098197+02:00
# Txn_start_ts: 413568279230283777
# Query_time: 1.4806889
# Parse_time: 0
# Compile_time: 0
# Is_internal: true
# Digest: 7d757d38b465483f07a597132f3a973125e78d6db2f42a0d1d8c7c0ec575f500
# Num_cop_tasks: 0
# Prepared: false
# Has_more_results: false
# Succ: true
# Plan: tidb_decode_plan('ONwwCTM5XzE5CTAJMwl0YWJsZTpHTE9CQUxfVkFSSUFCTEVTLCBpbmRleDpWQVJJQUJMRV9OQU1FCg==')
select variable_name, variable_value from mysql.global_variables where variable_name in ('tidb_auto_analyze_ratio', 'tidb_auto_analyze_start_time', 'tidb_auto_analyze_end_time');
# Time: 2019-12-29T18:43:41.6548156+02:00
# Txn_start_ts: 413568289119141888
# Query_time: 1.7257601
# Parse_time: 0
# Compile_time: 1.7247445
# Request_count: 1
# Index_names: [stats_meta:idx_ver]
# Is_internal: true
# Digest: f0b4536b9ca2b2cf8b0b4580fa5a6804ace888b4601ce93f17b17f18409e96f0
# Stats: stats_meta:pseudo
# Num_cop_tasks: 1
# Cop_proc_avg: 0 Cop_proc_addr: store1
# Cop_wait_avg: 0 Cop_wait_addr: store1
# Mem_max: 140
# Prepared: false
# Has_more_results: false
# Succ: true
# Plan: tidb_decode_plan('3wI0MAkzXzE4CTAJMzMzMy4BBREBbDUJbXlzcWwuc3RhdHNfbWV0YS52ZXJzaW9uLCBCGgAcdGFibGVfaWRKGwAsbW9kaWZ5X2NvdW50Sh8ABRgcCjEJMzFfMTdWiAAoCjIJMTNfMTUJMQkBnTqmAAV7ADoZphwsIGluZGV4OhWtsHJhbmdlOigwLCtpbmZdLCBrZWVwIG9yZGVyOnRydWUsIHN0YXRzOnBzZXVkbwFsDDBfMTaebAAdTQxmYWxzPk4A')
SELECT version, table_id, modify_count, count from mysql.stats_meta where version > 0 order by version;
# Time: 2019-12-29T18:44:28.2538148+02:00
# Txn_start_ts: 413568300464209922
# Query_time: 3.3229238
# Parse_time: 0
# Compile_time: 0
# Request_count: 1
# Is_internal: true
# Digest: 16e7ac941a71c9c110e4ef0b2a3be61537fb4e890c78d99a4ccd1fce5d8f240e
# Stats: stats_feedback:pseudo
# Num_cop_tasks: 1
# Cop_proc_avg: 0 Cop_proc_addr: store1
# Cop_wait_avg: 0 Cop_wait_addr: store1
# Mem_max: 111
# Prepared: false
# Has_more_results: false
# Succ: true
# Plan: tidb_decode_plan('9QLIMAkxNF80CTAJMTAwMDAJbXlzcWwuc3RhdHNfZmVlZGJhY2sudGFibGVfaWQ6YXNjLCBtTiMADGhpc3R2IgBEaXNfaW5kZXg6YXNjCjEJM182lnUAACxycQBaHgARbVofABHaGAoyCTMyXzgViRRkYXRhOlQB7jxTY2FuXzcKMwkxMF83CTEJKR4AdAEbADo2HgHMLCByYW5nZTpbLWluZiwraW5mXSwga2VlcCBvcmRlcjpmYWxzZSwgc3RhdHM6cHNldWRvCg==')
select table_id, hist_id, is_index, feedback from mysql.stats_feedback order by table_id, hist_id, is_index;
# Time: 2019-12-29T18:44:28.2548145+02:00
# Txn_start_ts: 413568301250379776
# Query_time: 0.3239164
# Parse_time: 0
# Compile_time: 0.0009834
# Request_count: 1
# Index_names: [stats_meta:idx_ver]
# Is_internal: true
# Digest: f0b4536b9ca2b2cf8b0b4580fa5a6804ace888b4601ce93f17b17f18409e96f0
# Stats: stats_meta:pseudo
# Num_cop_tasks: 1
# Cop_proc_avg: 0 Cop_proc_addr: store1
# Cop_wait_avg: 0 Cop_wait_addr: store1
# Mem_max: 140
# Prepared: false
# Has_more_results: false
# Succ: true
# Plan: tidb_decode_plan('3wI0MAkzXzE4CTAJMzMzMy4BBREBbDUJbXlzcWwuc3RhdHNfbWV0YS52ZXJzaW9uLCBCGgAcdGFibGVfaWRKGwAsbW9kaWZ5X2NvdW50Sh8ABRgcCjEJMzFfMTdWiAAoCjIJMTNfMTUJMQkBnTqmAAV7ADoZphwsIGluZGV4OhWtsHJhbmdlOigwLCtpbmZdLCBrZWVwIG9yZGVyOnRydWUsIHN0YXRzOnBzZXVkbwFsDDBfMTaebAAdTQxmYWxzPk4A')
SELECT version, table_id, modify_count, count from mysql.stats_meta where version > 0 order by version;
# Time: 2019-12-29T18:46:13.8244831+02:00
# Txn_start_ts: 413568329009856512
# Query_time: 3.8935791
# Parse_time: 0
# Compile_time: 3.8925783000000003
# Request_count: 1
# Index_names: [bind_info:time_index]
# Is_internal: true
# Digest: e0cf0e2dccc824f34e52c6341356354f77cce9342074b393bc0185304e075ea3
# Stats: bind_info:pseudo
# Num_cop_tasks: 1
# Cop_proc_avg: 0 Cop_proc_addr: store1
# Cop_wait_avg: 0 Cop_wait_addr: store1
# Mem_max: 140
# Prepared: false
# Has_more_results: false
# Succ: true
# Plan: tidb_decode_plan('6AM0MAkzXzE4CTAJMzMzMy4BBREBfDUJbXlzcWwuYmluZF9pbmZvLm9yaWdpbmFsX3NxbCwgPh4ABShSGgAkZGVmYXVsdF9kYkY2ABRzdGF0dXNGGAAoY3JlYXRlX3RpbWVGHQAIdXBkZh0AGGNoYXJzZXRGNgBAY29sbGF0aW9uCjEJMzFfMTdW9gAoCjIJMTNfMTUJMQkhCzoUARR0YWJsZToF7CEUJCwgaW5kZXg6dXAdkixyYW5nZTooMDAwMC0FAwwgMDA6BQMALgEUmDAwLCtpbmZdLCBrZWVwIG9yZGVyOnRydWUsIHN0YXRzOnBzZXVkbwGIDDBfMTaaiAAdTAxmYWxzPk0A')
select original_sql, bind_sql, default_db, status, create_time, update_time, charset, collation from mysql.bind_info where update_time > "0000-00-00 00:00:00" order by update_time;
# Time: 2019-12-29T18:47:55.8499978+02:00
# Txn_start_ts: 413568355755098112
# Query_time: 3.9191596
# Parse_time: 0
# Compile_time: 3.9191596
# Is_internal: true
# Digest: 7d757d38b465483f07a597132f3a973125e78d6db2f42a0d1d8c7c0ec575f500
# Num_cop_tasks: 0
# Prepared: false
# Has_more_results: false
# Succ: true
# Plan: tidb_decode_plan('ONwwCTM5XzIxCTAJMwl0YWJsZTpHTE9CQUxfVkFSSUFCTEVTLCBpbmRleDpWQVJJQUJMRV9OQU1FCg==')
select variable_name, variable_value from mysql.global_variables where variable_name in ('tidb_auto_analyze_ratio', 'tidb_auto_analyze_start_time', 'tidb_auto_analyze_end_time');
# Time: 2019-12-29T18:49:28.6792957+02:00
# Txn_start_ts: 413568379107147776
# Query_time: 3.7489939
# Parse_time: 0
# Compile_time: 0
# Is_internal: true
# Digest: 7d757d38b465483f07a597132f3a973125e78d6db2f42a0d1d8c7c0ec575f500
# Num_cop_tasks: 0
# Prepared: false
# Has_more_results: false
# Succ: true
# Plan: tidb_decode_plan('ONwwCTM5XzE5CTAJMwl0YWJsZTpHTE9CQUxfVkFSSUFCTEVTLCBpbmRleDpWQVJJQUJMRV9OQU1FCg==')
select variable_name, variable_value from mysql.global_variables where variable_name in ('tidb_auto_analyze_ratio', 'tidb_auto_analyze_start_time', 'tidb_auto_analyze_end_time');
# Time: 2019-12-29T18:49:28.6842922+02:00
# Txn_start_ts: 413568380090187776
# Query_time: 3.7549899
# Parse_time: 0
# Compile_time: 3.7499934
# Request_count: 1
# Index_names: [stats_meta:idx_ver]
# Is_internal: true
# Digest: f0b4536b9ca2b2cf8b0b4580fa5a6804ace888b4601ce93f17b17f18409e96f0
# Stats: stats_meta:pseudo
# Num_cop_tasks: 1
# Cop_proc_avg: 0 Cop_proc_addr: store1
# Cop_wait_avg: 0 Cop_wait_addr: store1
# Mem_max: 140
# Prepared: false
# Has_more_results: false
# Succ: true
# Plan: tidb_decode_plan('3wI0MAkzXzE4CTAJMzMzMy4BBREBbDUJbXlzcWwuc3RhdHNfbWV0YS52ZXJzaW9uLCBCGgAcdGFibGVfaWRKGwAsbW9kaWZ5X2NvdW50Sh8ABRgcCjEJMzFfMTdWiAAoCjIJMTNfMTUJMQkBnTqmAAV7ADoZphwsIGluZGV4OhWtsHJhbmdlOigwLCtpbmZdLCBrZWVwIG9yZGVyOnRydWUsIHN0YXRzOnBzZXVkbwFsDDBfMTaebAAdTQxmYWxzPk4A')
SELECT version, table_id, modify_count, count from mysql.stats_meta where version > 0 order by version;
# Time: 2019-12-29T18:49:28.6912899+02:00
# Txn_start_ts: 413568380091760641
# Query_time: 3.7609869
# Parse_time: 0
# Compile_time: 3.7559902
# Request_count: 1
# Index_names: [bind_info:time_index]
# Is_internal: true
# Digest: e0cf0e2dccc824f34e52c6341356354f77cce9342074b393bc0185304e075ea3
# Stats: bind_info:pseudo
# Num_cop_tasks: 1
# Cop_proc_avg: 0 Cop_proc_addr: store1
# Cop_wait_avg: 0 Cop_wait_addr: store1
# Mem_max: 140
# Prepared: false
# Has_more_results: false
# Succ: true
# Plan: tidb_decode_plan('6AM0MAkzXzE4CTAJMzMzMy4BBREBfDUJbXlzcWwuYmluZF9pbmZvLm9yaWdpbmFsX3NxbCwgPh4ABShSGgAkZGVmYXVsdF9kYkY2ABRzdGF0dXNGGAAoY3JlYXRlX3RpbWVGHQAIdXBkZh0AGGNoYXJzZXRGNgBAY29sbGF0aW9uCjEJMzFfMTdW9gAoCjIJMTNfMTUJMQkhCzoUARR0YWJsZToF7CEUJCwgaW5kZXg6dXAdkixyYW5nZTooMDAwMC0FAwwgMDA6BQMALgEUmDAwLCtpbmZdLCBrZWVwIG9yZGVyOnRydWUsIHN0YXRzOnBzZXVkbwGIDDBfMTaaiAAdTAxmYWxzPk0A')
select original_sql, bind_sql, default_db, status, create_time, update_time, charset, collation from mysql.bind_info where update_time > "0000-00-00 00:00:00" order by update_time;
# Time: 2019-12-29T18:49:28.6912899+02:00
# Txn_start_ts: 413568380092022784
# Query_time: 3.7619876
# Parse_time: 0
# Compile_time: 3.7569909
# Request_count: 1
# Is_internal: true
# Digest: 16e7ac941a71c9c110e4ef0b2a3be61537fb4e890c78d99a4ccd1fce5d8f240e
# Stats: stats_feedback:pseudo
# Num_cop_tasks: 1
# Cop_proc_avg: 0 Cop_proc_addr: store1
# Cop_wait_avg: 0 Cop_wait_addr: store1
# Mem_max: 111
# Prepared: false
# Has_more_results: false
# Succ: true
# Plan: tidb_decode_plan('9QLIMAkxNF80CTAJMTAwMDAJbXlzcWwuc3RhdHNfZmVlZGJhY2sudGFibGVfaWQ6YXNjLCBtTiMADGhpc3R2IgBEaXNfaW5kZXg6YXNjCjEJM182lnUAACxycQBaHgARbVofABHaGAoyCTMyXzgViRRkYXRhOlQB7jxTY2FuXzcKMwkxMF83CTEJKR4AdAEbADo2HgHMLCByYW5nZTpbLWluZiwraW5mXSwga2VlcCBvcmRlcjpmYWxzZSwgc3RhdHM6cHNldWRvCg==')
select table_id, hist_id, is_index, feedback from mysql.stats_feedback order by table_id, hist_id, is_index;
# Time: 2019-12-29T18:52:16.6863897+02:00
# Txn_start_ts: 413568423147339776
# Query_time: 3.7575366
# Parse_time: 0
# Compile_time: 0.0009893
# Request_count: 1
# Index_names: [stats_meta:idx_ver]
# Is_internal: true
# Digest: f0b4536b9ca2b2cf8b0b4580fa5a6804ace888b4601ce93f17b17f18409e96f0
# Stats: stats_meta:pseudo
# Num_cop_tasks: 1
# Cop_proc_avg: 0 Cop_proc_addr: store1
# Cop_wait_avg: 0 Cop_wait_addr: store1
# Mem_max: 140
# Prepared: false
# Has_more_results: false
# Succ: true
# Plan: tidb_decode_plan('3wI0MAkzXzE4CTAJMzMzMy4BBREBbDUJbXlzcWwuc3RhdHNfbWV0YS52ZXJzaW9uLCBCGgAcdGFibGVfaWRKGwAsbW9kaWZ5X2NvdW50Sh8ABRgcCjEJMzFfMTdWiAAoCjIJMTNfMTUJMQkBnTqmAAV7ADoZphwsIGluZGV4OhWtsHJhbmdlOigwLCtpbmZdLCBrZWVwIG9yZGVyOnRydWUsIHN0YXRzOnBzZXVkbwFsDDBfMTaebAAdTQxmYWxzPk4A')
SELECT version, table_id, modify_count, count from mysql.stats_meta where version > 0 order by version;
# Time: 2019-12-29T18:54:28.6963703+02:00
# Txn_start_ts: 413568458737844224
# Query_time: 3.7656598
# Parse_time: 3.7646563
# Compile_time: 0.0010035
# Request_count: 1
# Index_names: [bind_info:time_index]
# Is_internal: true
# Digest: e0cf0e2dccc824f34e52c6341356354f77cce9342074b393bc0185304e075ea3
# Stats: bind_info:pseudo
# Num_cop_tasks: 1
# Cop_proc_avg: 0 Cop_proc_addr: store1
# Cop_wait_avg: 0 Cop_wait_addr: store1
# Mem_max: 140
# Prepared: false
# Has_more_results: false
# Succ: true
# Plan: tidb_decode_plan('6AM0MAkzXzE4CTAJMzMzMy4BBREBfDUJbXlzcWwuYmluZF9pbmZvLm9yaWdpbmFsX3NxbCwgPh4ABShSGgAkZGVmYXVsdF9kYkY2ABRzdGF0dXNGGAAoY3JlYXRlX3RpbWVGHQAIdXBkZh0AGGNoYXJzZXRGNgBAY29sbGF0aW9uCjEJMzFfMTdW9gAoCjIJMTNfMTUJMQkhCzoUARR0YWJsZToF7CEUJCwgaW5kZXg6dXAdkixyYW5nZTooMDAwMC0FAwwgMDA6BQMALgEUmDAwLCtpbmZdLCBrZWVwIG9yZGVyOnRydWUsIHN0YXRzOnBzZXVkbwGIDDBfMTaaiAAdTAxmYWxzPk0A')
select original_sql, bind_sql, default_db, status, create_time, update_time, charset, collation from mysql.bind_info where update_time > "0000-00-00 00:00:00" order by update_time;
